[0.050s] Invoking command in '/home/hw/my_project/my_ws/build/ur5e_gripper_description': CMAKE_PREFIX_PATH=/opt/ros/humble /usr/bin/cmake /home/hw/my_project/my_ws/src/ur5e_gripper_description -DAMENT_CMAKE_SYMLINK_INSTALL=1 -DCMAKE_INSTALL_PREFIX=/home/hw/my_project/my_ws/install/ur5e_gripper_description
[0.393s] -- The C compiler identification is GNU 11.4.0
[0.727s] -- The CXX compiler identification is GNU 11.4.0
[0.727s] -- Detecting C compiler ABI info
[0.727s] -- Detecting C compiler ABI info - done
[0.728s] -- Check for working C compiler: /usr/bin/cc - skipped
[0.728s] -- Detecting C compile features
[0.728s] -- Detecting C compile features - done
[0.729s] -- Detecting CXX compiler ABI info
[0.821s] -- Detecting CXX compiler ABI info - done
[0.829s] -- Check for working CXX compiler: /usr/bin/c++ - skipped
[0.829s] -- Detecting CXX compile features
[0.829s] -- Detecting CXX compile features - done
[0.844s] -- Found ament_cmake: 1.3.12 (/opt/ros/humble/share/ament_cmake/cmake)
[1.052s] -- Found Python3: /usr/bin/python3 (found version "3.10.12") found components: Interpreter 
[1.159s] -- Override CMake install command with custom implementation using symlinks instead of copying resources
[1.230s] -- Found ament_lint_auto: 0.12.14 (/opt/ros/humble/share/ament_lint_auto/cmake)
[1.369s] -- Added test 'flake8' to check Python code syntax and style conventions
[1.371s] -- Added test 'lint_cmake' to check CMake code style
[1.372s] -- Added test 'pep257' to check Python code against some of the docstring style conventions in PEP 257
[1.375s] -- Added test 'xmllint' to check XML markup files
[1.378s] -- Configuring done
[1.383s] -- Generating done
[1.387s] -- Build files have been written to: /home/hw/my_project/my_ws/build/ur5e_gripper_description
[1.397s] Invoked command in '/home/hw/my_project/my_ws/build/ur5e_gripper_description' returned '0': CMAKE_PREFIX_PATH=/opt/ros/humble /usr/bin/cmake /home/hw/my_project/my_ws/src/ur5e_gripper_description -DAMENT_CMAKE_SYMLINK_INSTALL=1 -DCMAKE_INSTALL_PREFIX=/home/hw/my_project/my_ws/install/ur5e_gripper_description
[1.399s] Invoking command in '/home/hw/my_project/my_ws/build/ur5e_gripper_description': CMAKE_PREFIX_PATH=/opt/ros/humble /usr/bin/cmake --build /home/hw/my_project/my_ws/build/ur5e_gripper_description -- -j16 -l16
[1.513s] Invoked command in '/home/hw/my_project/my_ws/build/ur5e_gripper_description' returned '0': CMAKE_PREFIX_PATH=/opt/ros/humble /usr/bin/cmake --build /home/hw/my_project/my_ws/build/ur5e_gripper_description -- -j16 -l16
[1.513s] Invoking command in '/home/hw/my_project/my_ws/build/ur5e_gripper_description': CMAKE_PREFIX_PATH=/opt/ros/humble /usr/bin/cmake --install /home/hw/my_project/my_ws/build/ur5e_gripper_description
[1.523s] -- Install configuration: ""
[1.523s] -- Execute custom install script
[1.524s] -- Symlinking: /home/hw/my_project/my_ws/install/ur5e_gripper_description/share/ur5e_gripper_description/config/ur5e_gripper_controllers.yaml
[1.540s] -- Symlinking: /home/hw/my_project/my_ws/install/ur5e_gripper_description/share/ur5e_gripper_description/launch/gazebo_ur5e_gripper.launch.py
[1.559s] -- Symlinking: /home/hw/my_project/my_ws/install/ur5e_gripper_description/share/ur5e_gripper_description/launch/view_ur5e_gripper.launch.py
[1.575s] -- Symlinking: /home/hw/my_project/my_ws/install/ur5e_gripper_description/share/ur5e_gripper_description/urdf/ur5e_gripper.urdf
[1.588s] -- Symlinking: /home/hw/my_project/my_ws/install/ur5e_gripper_description/share/ur5e_gripper_description/urdf/ur5e_gripper.urdf.xacro
[1.604s] -- Symlinking: /home/hw/my_project/my_ws/install/ur5e_gripper_description/share/ur5e_gripper_description/rviz/view_ur5e_gripper.rviz
[1.621s] -- Symlinking: /home/hw/my_project/my_ws/install/ur5e_gripper_description/share/ament_index/resource_index/package_run_dependencies/ur5e_gripper_description
[1.638s] -- Symlinking: /home/hw/my_project/my_ws/install/ur5e_gripper_description/share/ament_index/resource_index/parent_prefix_path/ur5e_gripper_description
[1.654s] -- Symlinking: /home/hw/my_project/my_ws/install/ur5e_gripper_description/share/ur5e_gripper_description/environment/ament_prefix_path.sh
[1.670s] -- Symlinking: /home/hw/my_project/my_ws/install/ur5e_gripper_description/share/ur5e_gripper_description/environment/ament_prefix_path.dsv
[1.686s] -- Symlinking: /home/hw/my_project/my_ws/install/ur5e_gripper_description/share/ur5e_gripper_description/environment/path.sh
[1.704s] -- Symlinking: /home/hw/my_project/my_ws/install/ur5e_gripper_description/share/ur5e_gripper_description/environment/path.dsv
[1.721s] -- Symlinking: /home/hw/my_project/my_ws/install/ur5e_gripper_description/share/ur5e_gripper_description/local_setup.bash
[1.736s] -- Symlinking: /home/hw/my_project/my_ws/install/ur5e_gripper_description/share/ur5e_gripper_description/local_setup.sh
[1.756s] -- Symlinking: /home/hw/my_project/my_ws/install/ur5e_gripper_description/share/ur5e_gripper_description/local_setup.zsh
[1.771s] -- Symlinking: /home/hw/my_project/my_ws/install/ur5e_gripper_description/share/ur5e_gripper_description/local_setup.dsv
[1.786s] -- Symlinking: /home/hw/my_project/my_ws/install/ur5e_gripper_description/share/ur5e_gripper_description/package.dsv
[1.841s] -- Symlinking: /home/hw/my_project/my_ws/install/ur5e_gripper_description/share/ament_index/resource_index/packages/ur5e_gripper_description
[1.841s] -- Symlinking: /home/hw/my_project/my_ws/install/ur5e_gripper_description/share/ur5e_gripper_description/cmake/ur5e_gripper_descriptionConfig.cmake
[1.842s] -- Symlinking: /home/hw/my_project/my_ws/install/ur5e_gripper_description/share/ur5e_gripper_description/cmake/ur5e_gripper_descriptionConfig-version.cmake
[1.853s] -- Symlinking: /home/hw/my_project/my_ws/install/ur5e_gripper_description/share/ur5e_gripper_description/package.xml
[1.973s] Invoked command in '/home/hw/my_project/my_ws/build/ur5e_gripper_description' returned '0': CMAKE_PREFIX_PATH=/opt/ros/humble /usr/bin/cmake --install /home/hw/my_project/my_ws/build/ur5e_gripper_description
