[0.023s] Invoking command in '/home/hw/my_project/my_ws/build/ur5e_gripper_moveit_config': AMENT_PREFIX_PATH=/home/hw/my_project/my_ws/install/realsense2_description:/home/hw/my_project/my_ws/install/ur5e_gripper_description:/home/hw/my_project/my_ws/install/robotiq_moveit_config:/home/hw/my_project/my_ws/install/robotiq_description:/home/hw/my_project/my_ws/install/realsense2_camera_msgs:${AMENT_PREFIX_PATH} CMAKE_PREFIX_PATH=/home/hw/my_project/my_ws/install/realsense2_description:/home/hw/my_project/my_ws/install/ur5e_gripper_description:/home/hw/my_project/my_ws/install/robotiq_moveit_config:/home/hw/my_project/my_ws/install/robotiq_description:/opt/ros/humble:/home/hw/my_project/my_ws/install/realsense_gazebo_plugin:/home/hw/my_project/my_ws/install/realsense2_camera_msgs LD_LIBRARY_PATH=/home/hw/my_project/my_ws/install/realsense_gazebo_plugin/lib:/home/hw/my_project/my_ws/install/realsense2_camera_msgs/lib:${LD_LIBRARY_PATH} PKG_CONFIG_PATH=/home/hw/my_project/my_ws/install/realsense_gazebo_plugin/lib/x86_64-linux-gnu/pkgconfig:/home/hw/my_project/my_ws/install/realsense_gazebo_plugin/lib/pkgconfig PYTHONPATH=/home/hw/my_project/my_ws/install/realsense2_camera_msgs/local/lib/python3.10/dist-packages:${PYTHONPATH} ROS_PACKAGE_PATH=/home/hw/my_project/my_ws/install/realsense_gazebo_plugin/share /usr/bin/cmake /home/hw/my_project/my_ws/src/ur5e_gripper_moveit_config -DAMENT_CMAKE_SYMLINK_INSTALL=1 -DCMAKE_INSTALL_PREFIX=/home/hw/my_project/my_ws/install/ur5e_gripper_moveit_config
[0.094s] -- The C compiler identification is GNU 11.4.0
[0.165s] -- The CXX compiler identification is GNU 11.4.0
[0.176s] -- Detecting C compiler ABI info
[0.276s] -- Detecting C compiler ABI info - done
[0.283s] -- Check for working C compiler: /usr/bin/cc - skipped
[0.283s] -- Detecting C compile features
[0.283s] -- Detecting C compile features - done
[0.287s] -- Detecting CXX compiler ABI info
[0.402s] -- Detecting CXX compiler ABI info - done
[0.410s] -- Check for working CXX compiler: /usr/bin/c++ - skipped
[0.410s] -- Detecting CXX compile features
[0.411s] -- Detecting CXX compile features - done
[0.414s] -- Found ament_cmake: 1.3.12 (/opt/ros/humble/share/ament_cmake/cmake)
[0.567s] -- Found Python3: /usr/bin/python3 (found version "3.10.12") found components: Interpreter 
[0.630s] -- Override CMake install command with custom implementation using symlinks instead of copying resources
[0.672s] -- Found ament_lint_auto: 0.12.14 (/opt/ros/humble/share/ament_lint_auto/cmake)
[0.755s] -- Added test 'flake8' to check Python code syntax and style conventions
[0.756s] -- Added test 'lint_cmake' to check CMake code style
[0.757s] -- Added test 'pep257' to check Python code against some of the docstring style conventions in PEP 257
[0.762s] -- Added test 'xmllint' to check XML markup files
[0.764s] -- Configuring done
[0.769s] -- Generating done
[0.771s] -- Build files have been written to: /home/hw/my_project/my_ws/build/ur5e_gripper_moveit_config
[0.779s] Invoked command in '/home/hw/my_project/my_ws/build/ur5e_gripper_moveit_config' returned '0': AMENT_PREFIX_PATH=/home/hw/my_project/my_ws/install/realsense2_description:/home/hw/my_project/my_ws/install/ur5e_gripper_description:/home/hw/my_project/my_ws/install/robotiq_moveit_config:/home/hw/my_project/my_ws/install/robotiq_description:/home/hw/my_project/my_ws/install/realsense2_camera_msgs:${AMENT_PREFIX_PATH} CMAKE_PREFIX_PATH=/home/hw/my_project/my_ws/install/realsense2_description:/home/hw/my_project/my_ws/install/ur5e_gripper_description:/home/hw/my_project/my_ws/install/robotiq_moveit_config:/home/hw/my_project/my_ws/install/robotiq_description:/opt/ros/humble:/home/hw/my_project/my_ws/install/realsense_gazebo_plugin:/home/hw/my_project/my_ws/install/realsense2_camera_msgs LD_LIBRARY_PATH=/home/hw/my_project/my_ws/install/realsense_gazebo_plugin/lib:/home/hw/my_project/my_ws/install/realsense2_camera_msgs/lib:${LD_LIBRARY_PATH} PKG_CONFIG_PATH=/home/hw/my_project/my_ws/install/realsense_gazebo_plugin/lib/x86_64-linux-gnu/pkgconfig:/home/hw/my_project/my_ws/install/realsense_gazebo_plugin/lib/pkgconfig PYTHONPATH=/home/hw/my_project/my_ws/install/realsense2_camera_msgs/local/lib/python3.10/dist-packages:${PYTHONPATH} ROS_PACKAGE_PATH=/home/hw/my_project/my_ws/install/realsense_gazebo_plugin/share /usr/bin/cmake /home/hw/my_project/my_ws/src/ur5e_gripper_moveit_config -DAMENT_CMAKE_SYMLINK_INSTALL=1 -DCMAKE_INSTALL_PREFIX=/home/hw/my_project/my_ws/install/ur5e_gripper_moveit_config
[0.779s] Invoking command in '/home/hw/my_project/my_ws/build/ur5e_gripper_moveit_config': AMENT_PREFIX_PATH=/home/hw/my_project/my_ws/install/realsense2_description:/home/hw/my_project/my_ws/install/ur5e_gripper_description:/home/hw/my_project/my_ws/install/robotiq_moveit_config:/home/hw/my_project/my_ws/install/robotiq_description:/home/hw/my_project/my_ws/install/realsense2_camera_msgs:${AMENT_PREFIX_PATH} CMAKE_PREFIX_PATH=/home/hw/my_project/my_ws/install/realsense2_description:/home/hw/my_project/my_ws/install/ur5e_gripper_description:/home/hw/my_project/my_ws/install/robotiq_moveit_config:/home/hw/my_project/my_ws/install/robotiq_description:/opt/ros/humble:/home/hw/my_project/my_ws/install/realsense_gazebo_plugin:/home/hw/my_project/my_ws/install/realsense2_camera_msgs LD_LIBRARY_PATH=/home/hw/my_project/my_ws/install/realsense_gazebo_plugin/lib:/home/hw/my_project/my_ws/install/realsense2_camera_msgs/lib:${LD_LIBRARY_PATH} PKG_CONFIG_PATH=/home/hw/my_project/my_ws/install/realsense_gazebo_plugin/lib/x86_64-linux-gnu/pkgconfig:/home/hw/my_project/my_ws/install/realsense_gazebo_plugin/lib/pkgconfig PYTHONPATH=/home/hw/my_project/my_ws/install/realsense2_camera_msgs/local/lib/python3.10/dist-packages:${PYTHONPATH} ROS_PACKAGE_PATH=/home/hw/my_project/my_ws/install/realsense_gazebo_plugin/share /usr/bin/cmake --build /home/hw/my_project/my_ws/build/ur5e_gripper_moveit_config -- -j16 -l16
[0.838s] Invoked command in '/home/hw/my_project/my_ws/build/ur5e_gripper_moveit_config' returned '0': AMENT_PREFIX_PATH=/home/hw/my_project/my_ws/install/realsense2_description:/home/hw/my_project/my_ws/install/ur5e_gripper_description:/home/hw/my_project/my_ws/install/robotiq_moveit_config:/home/hw/my_project/my_ws/install/robotiq_description:/home/hw/my_project/my_ws/install/realsense2_camera_msgs:${AMENT_PREFIX_PATH} CMAKE_PREFIX_PATH=/home/hw/my_project/my_ws/install/realsense2_description:/home/hw/my_project/my_ws/install/ur5e_gripper_description:/home/hw/my_project/my_ws/install/robotiq_moveit_config:/home/hw/my_project/my_ws/install/robotiq_description:/opt/ros/humble:/home/hw/my_project/my_ws/install/realsense_gazebo_plugin:/home/hw/my_project/my_ws/install/realsense2_camera_msgs LD_LIBRARY_PATH=/home/hw/my_project/my_ws/install/realsense_gazebo_plugin/lib:/home/hw/my_project/my_ws/install/realsense2_camera_msgs/lib:${LD_LIBRARY_PATH} PKG_CONFIG_PATH=/home/hw/my_project/my_ws/install/realsense_gazebo_plugin/lib/x86_64-linux-gnu/pkgconfig:/home/hw/my_project/my_ws/install/realsense_gazebo_plugin/lib/pkgconfig PYTHONPATH=/home/hw/my_project/my_ws/install/realsense2_camera_msgs/local/lib/python3.10/dist-packages:${PYTHONPATH} ROS_PACKAGE_PATH=/home/hw/my_project/my_ws/install/realsense_gazebo_plugin/share /usr/bin/cmake --build /home/hw/my_project/my_ws/build/ur5e_gripper_moveit_config -- -j16 -l16
[0.838s] Invoking command in '/home/hw/my_project/my_ws/build/ur5e_gripper_moveit_config': AMENT_PREFIX_PATH=/home/hw/my_project/my_ws/install/realsense2_description:/home/hw/my_project/my_ws/install/ur5e_gripper_description:/home/hw/my_project/my_ws/install/robotiq_moveit_config:/home/hw/my_project/my_ws/install/robotiq_description:/home/hw/my_project/my_ws/install/realsense2_camera_msgs:${AMENT_PREFIX_PATH} CMAKE_PREFIX_PATH=/home/hw/my_project/my_ws/install/realsense2_description:/home/hw/my_project/my_ws/install/ur5e_gripper_description:/home/hw/my_project/my_ws/install/robotiq_moveit_config:/home/hw/my_project/my_ws/install/robotiq_description:/opt/ros/humble:/home/hw/my_project/my_ws/install/realsense_gazebo_plugin:/home/hw/my_project/my_ws/install/realsense2_camera_msgs LD_LIBRARY_PATH=/home/hw/my_project/my_ws/install/realsense_gazebo_plugin/lib:/home/hw/my_project/my_ws/install/realsense2_camera_msgs/lib:${LD_LIBRARY_PATH} PKG_CONFIG_PATH=/home/hw/my_project/my_ws/install/realsense_gazebo_plugin/lib/x86_64-linux-gnu/pkgconfig:/home/hw/my_project/my_ws/install/realsense_gazebo_plugin/lib/pkgconfig PYTHONPATH=/home/hw/my_project/my_ws/install/realsense2_camera_msgs/local/lib/python3.10/dist-packages:${PYTHONPATH} ROS_PACKAGE_PATH=/home/hw/my_project/my_ws/install/realsense_gazebo_plugin/share /usr/bin/cmake --install /home/hw/my_project/my_ws/build/ur5e_gripper_moveit_config
[0.848s] -- Install configuration: ""
[0.848s] -- Execute custom install script
[0.849s] -- Symlinking: /home/hw/my_project/my_ws/install/ur5e_gripper_moveit_config/share/ur5e_gripper_moveit_config/config/initial_positions.yaml
[0.866s] -- Symlinking: /home/hw/my_project/my_ws/install/ur5e_gripper_moveit_config/share/ur5e_gripper_moveit_config/config/joint_limits.yaml
[0.880s] -- Symlinking: /home/hw/my_project/my_ws/install/ur5e_gripper_moveit_config/share/ur5e_gripper_moveit_config/config/kinematics.yaml
[0.893s] -- Symlinking: /home/hw/my_project/my_ws/install/ur5e_gripper_moveit_config/share/ur5e_gripper_moveit_config/config/moveit_controllers.yaml
[0.905s] -- Symlinking: /home/hw/my_project/my_ws/install/ur5e_gripper_moveit_config/share/ur5e_gripper_moveit_config/config/ompl_planning.yaml
[0.918s] -- Symlinking: /home/hw/my_project/my_ws/install/ur5e_gripper_moveit_config/share/ur5e_gripper_moveit_config/config/sensors_3d.yaml
[0.928s] -- Symlinking: /home/hw/my_project/my_ws/install/ur5e_gripper_moveit_config/share/ur5e_gripper_moveit_config/config/ur5e_gripper_controllers.yaml
[0.940s] -- Symlinking: /home/hw/my_project/my_ws/install/ur5e_gripper_moveit_config/share/ur5e_gripper_moveit_config/launch/gazebo_no_moveit.launch.py
[0.952s] -- Symlinking: /home/hw/my_project/my_ws/install/ur5e_gripper_moveit_config/share/ur5e_gripper_moveit_config/launch/ur5e_gripper_moveit.launch.py
[0.965s] -- Symlinking: /home/hw/my_project/my_ws/install/ur5e_gripper_moveit_config/share/ur5e_gripper_moveit_config/launch/ur5e_gripper_sim_control.launch.py
[0.978s] -- Symlinking: /home/hw/my_project/my_ws/install/ur5e_gripper_moveit_config/share/ur5e_gripper_moveit_config/launch/ur5e_gripper_sim_moveit.launch.py
[0.995s] -- Symlinking: /home/hw/my_project/my_ws/install/ur5e_gripper_moveit_config/share/ur5e_gripper_moveit_config/launch/view_robot.launch.py
[1.007s] -- Symlinking: /home/hw/my_project/my_ws/install/ur5e_gripper_moveit_config/share/ur5e_gripper_moveit_config/rviz/view_robot.rviz
[1.022s] -- Symlinking: /home/hw/my_project/my_ws/install/ur5e_gripper_moveit_config/share/ur5e_gripper_moveit_config/urdf/single_ur5e_gripper.urdf.xacro
[1.035s] -- Symlinking: /home/hw/my_project/my_ws/install/ur5e_gripper_moveit_config/share/ur5e_gripper_moveit_config/urdf/ur5e_gripper.urdf.xacro
[1.049s] -- Symlinking: /home/hw/my_project/my_ws/install/ur5e_gripper_moveit_config/share/ur5e_gripper_moveit_config/srdf/ur5e_gripper.srdf.xacro
[1.063s] -- Symlinking: /home/hw/my_project/my_ws/install/ur5e_gripper_moveit_config/share/ur5e_gripper_moveit_config/gazebo/blue_box/model.config
[1.075s] -- Symlinking: /home/hw/my_project/my_ws/install/ur5e_gripper_moveit_config/share/ur5e_gripper_moveit_config/gazebo/blue_box/model.sdf
[1.090s] -- Symlinking: /home/hw/my_project/my_ws/install/ur5e_gripper_moveit_config/share/ur5e_gripper_moveit_config/gazebo/brick_cube/model.config
[1.101s] -- Symlinking: /home/hw/my_project/my_ws/install/ur5e_gripper_moveit_config/share/ur5e_gripper_moveit_config/gazebo/brick_cube/model.sdf
[1.113s] -- Symlinking: /home/hw/my_project/my_ws/install/ur5e_gripper_moveit_config/share/ur5e_gripper_moveit_config/gazebo/green_cube/model.config
[1.128s] -- Symlinking: /home/hw/my_project/my_ws/install/ur5e_gripper_moveit_config/share/ur5e_gripper_moveit_config/gazebo/green_cube/model.sdf
[1.140s] -- Symlinking: /home/hw/my_project/my_ws/install/ur5e_gripper_moveit_config/share/ur5e_gripper_moveit_config/gazebo/red_box/model.config
[1.154s] -- Symlinking: /home/hw/my_project/my_ws/install/ur5e_gripper_moveit_config/share/ur5e_gripper_moveit_config/gazebo/red_box/model.sdf
[1.169s] -- Symlinking: /home/hw/my_project/my_ws/install/ur5e_gripper_moveit_config/share/ur5e_gripper_moveit_config/gazebo/red_cube/model.config
[1.183s] -- Symlinking: /home/hw/my_project/my_ws/install/ur5e_gripper_moveit_config/share/ur5e_gripper_moveit_config/gazebo/red_cube/model.sdf
[1.194s] -- Symlinking: /home/hw/my_project/my_ws/install/ur5e_gripper_moveit_config/share/ur5e_gripper_moveit_config/gazebo/sim_env.world
[1.207s] -- Symlinking: /home/hw/my_project/my_ws/install/ur5e_gripper_moveit_config/share/ur5e_gripper_moveit_config/gazebo/turquoise_box/model.config
[1.217s] -- Symlinking: /home/hw/my_project/my_ws/install/ur5e_gripper_moveit_config/share/ur5e_gripper_moveit_config/gazebo/turquoise_box/model.sdf
[1.230s] -- Symlinking: /home/hw/my_project/my_ws/install/ur5e_gripper_moveit_config/share/ament_index/resource_index/package_run_dependencies/ur5e_gripper_moveit_config
[1.242s] -- Symlinking: /home/hw/my_project/my_ws/install/ur5e_gripper_moveit_config/share/ament_index/resource_index/parent_prefix_path/ur5e_gripper_moveit_config
[1.260s] -- Symlinking: /home/hw/my_project/my_ws/install/ur5e_gripper_moveit_config/share/ur5e_gripper_moveit_config/environment/ament_prefix_path.sh
[1.272s] -- Symlinking: /home/hw/my_project/my_ws/install/ur5e_gripper_moveit_config/share/ur5e_gripper_moveit_config/environment/ament_prefix_path.dsv
[1.286s] -- Symlinking: /home/hw/my_project/my_ws/install/ur5e_gripper_moveit_config/share/ur5e_gripper_moveit_config/environment/path.sh
[1.299s] -- Symlinking: /home/hw/my_project/my_ws/install/ur5e_gripper_moveit_config/share/ur5e_gripper_moveit_config/environment/path.dsv
[1.311s] -- Symlinking: /home/hw/my_project/my_ws/install/ur5e_gripper_moveit_config/share/ur5e_gripper_moveit_config/local_setup.bash
[1.325s] -- Symlinking: /home/hw/my_project/my_ws/install/ur5e_gripper_moveit_config/share/ur5e_gripper_moveit_config/local_setup.sh
[1.340s] -- Symlinking: /home/hw/my_project/my_ws/install/ur5e_gripper_moveit_config/share/ur5e_gripper_moveit_config/local_setup.zsh
[1.353s] -- Symlinking: /home/hw/my_project/my_ws/install/ur5e_gripper_moveit_config/share/ur5e_gripper_moveit_config/local_setup.dsv
[1.365s] -- Symlinking: /home/hw/my_project/my_ws/install/ur5e_gripper_moveit_config/share/ur5e_gripper_moveit_config/package.dsv
[1.377s] -- Symlinking: /home/hw/my_project/my_ws/install/ur5e_gripper_moveit_config/share/ament_index/resource_index/packages/ur5e_gripper_moveit_config
[1.389s] -- Symlinking: /home/hw/my_project/my_ws/install/ur5e_gripper_moveit_config/share/ur5e_gripper_moveit_config/cmake/ur5e_gripper_moveit_configConfig.cmake
[1.401s] -- Symlinking: /home/hw/my_project/my_ws/install/ur5e_gripper_moveit_config/share/ur5e_gripper_moveit_config/cmake/ur5e_gripper_moveit_configConfig-version.cmake
[1.414s] -- Symlinking: /home/hw/my_project/my_ws/install/ur5e_gripper_moveit_config/share/ur5e_gripper_moveit_config/package.xml
[1.429s] Invoked command in '/home/hw/my_project/my_ws/build/ur5e_gripper_moveit_config' returned '0': AMENT_PREFIX_PATH=/home/hw/my_project/my_ws/install/realsense2_description:/home/hw/my_project/my_ws/install/ur5e_gripper_description:/home/hw/my_project/my_ws/install/robotiq_moveit_config:/home/hw/my_project/my_ws/install/robotiq_description:/home/hw/my_project/my_ws/install/realsense2_camera_msgs:${AMENT_PREFIX_PATH} CMAKE_PREFIX_PATH=/home/hw/my_project/my_ws/install/realsense2_description:/home/hw/my_project/my_ws/install/ur5e_gripper_description:/home/hw/my_project/my_ws/install/robotiq_moveit_config:/home/hw/my_project/my_ws/install/robotiq_description:/opt/ros/humble:/home/hw/my_project/my_ws/install/realsense_gazebo_plugin:/home/hw/my_project/my_ws/install/realsense2_camera_msgs LD_LIBRARY_PATH=/home/hw/my_project/my_ws/install/realsense_gazebo_plugin/lib:/home/hw/my_project/my_ws/install/realsense2_camera_msgs/lib:${LD_LIBRARY_PATH} PKG_CONFIG_PATH=/home/hw/my_project/my_ws/install/realsense_gazebo_plugin/lib/x86_64-linux-gnu/pkgconfig:/home/hw/my_project/my_ws/install/realsense_gazebo_plugin/lib/pkgconfig PYTHONPATH=/home/hw/my_project/my_ws/install/realsense2_camera_msgs/local/lib/python3.10/dist-packages:${PYTHONPATH} ROS_PACKAGE_PATH=/home/hw/my_project/my_ws/install/realsense_gazebo_plugin/share /usr/bin/cmake --install /home/hw/my_project/my_ws/build/ur5e_gripper_moveit_config
