[0.052s] Invoking command in '/home/hw/my_project/my_ws/build/realsense_gazebo_plugin': /usr/bin/cmake /home/hw/my_project/my_ws/src/sim_models/realsense_gazebo_plugin -DCATKIN_INSTALL_INTO_PREFIX_ROOT=0 -DCATKIN_SYMLINK_INSTALL=ON -DCMAKE_INSTALL_PREFIX=/home/hw/my_project/my_ws/install/realsense_gazebo_plugin
[0.409s] -- The C compiler identification is GNU 11.4.0
[0.754s] -- The CXX compiler identification is GNU 11.4.0
[0.754s] -- Detecting C compiler ABI info
[0.754s] -- Detecting C compiler ABI info - done
[0.754s] -- Check for working C compiler: /usr/bin/cc - skipped
[0.754s] -- Detecting C compile features
[0.754s] -- Detecting C compile features - done
[0.754s] -- Detecting CXX compiler ABI info
[0.845s] -- Detecting CXX compiler ABI info - done
[0.854s] -- Check for working CXX compiler: /usr/bin/c++ - skipped
[0.855s] -- Detecting CXX compile features
[0.856s] -- Detecting CXX compile features - done
[0.862s] -- Found ament_cmake: 1.3.12 (/opt/ros/humble/share/ament_cmake/cmake)
[1.070s] -- Found Python3: /usr/bin/python3 (found version "3.10.12") found components: Interpreter 
[1.245s] -- Found rclcpp: 16.0.17 (/opt/ros/humble/share/rclcpp/cmake)
[1.336s] -- Found rosidl_generator_c: 3.1.8 (/opt/ros/humble/share/rosidl_generator_c/cmake)
[1.346s] -- Found rosidl_adapter: 3.1.8 (/opt/ros/humble/share/rosidl_adapter/cmake)
[1.372s] -- Found rosidl_generator_cpp: 3.1.8 (/opt/ros/humble/share/rosidl_generator_cpp/cmake)
[1.384s] -- Using all available rosidl_typesupport_c: rosidl_typesupport_fastrtps_c;rosidl_typesupport_introspection_c
[1.411s] -- Using all available rosidl_typesupport_cpp: rosidl_typesupport_fastrtps_cpp;rosidl_typesupport_introspection_cpp
[1.528s] -- Found rmw_implementation_cmake: 6.1.2 (/opt/ros/humble/share/rmw_implementation_cmake/cmake)
[1.529s] -- Found rmw_fastrtps_cpp: 6.2.9 (/opt/ros/humble/share/rmw_fastrtps_cpp/cmake)
[1.702s] -- Found OpenSSL: /usr/lib/x86_64-linux-gnu/libcrypto.so (found version "3.0.2")  
[1.752s] -- Found FastRTPS: /opt/ros/humble/include  
[1.857s] -- Using RMW implementation 'rmw_fastrtps_cpp' as default
[1.857s] -- Looking for pthread.h
[2.004s] -- Looking for pthread.h - found
[2.004s] -- Performing Test CMAKE_HAVE_LIBC_PTHREAD
[2.100s] -- Performing Test CMAKE_HAVE_LIBC_PTHREAD - Success
[2.101s] -- Found Threads: TRUE  
[2.203s] -- Found gazebo_ros: 3.9.0 (/opt/ros/humble/share/gazebo_ros/cmake)
[2.213s] -- Found PkgConfig: /usr/bin/pkg-config (found version "0.29.2") 
[2.215s] -- Checking for module 'bullet>=2.82'
[2.240s] --   Found bullet, version 3.05
[2.446s] -- Found fcl: /usr/include (found suitable version "0.7.0", minimum required is "0.5.0") 
[2.543s] -- Found assimp: /usr/include (found version "5.2.0") 
[2.628s] -- Found DART: /usr/include (Required is at least version "6.6") found components: dart 
[2.666s] -- Found Boost: /usr/lib/x86_64-linux-gnu/cmake/Boost-1.74.0/BoostConfig.cmake (found suitable version "1.74.0", minimum required is "1.40.0") found components: thread system filesystem program_options regex iostreams date_time 
[2.698s] -- Found Protobuf: /usr/lib/x86_64-linux-gnu/libprotobuf.so (found version "3.12.4") 
[2.709s] -- Looking for ignition-math6 -- found version 6.15.1
[2.724s] -- Searching for dependencies of ignition-math6
[2.729s] -- Looking for OGRE...
[2.730s] -- OGRE_PREFIX_WATCH changed.
[2.737s] -- Checking for module 'OGRE'
[2.759s] --   Found OGRE, version 1.9.0
[2.827s] -- Found Ogre Ghadamon (1.9.0)
[2.836s] -- Found OGRE: optimized;/usr/lib/x86_64-linux-gnu/libOgreMain.so;debug;/usr/lib/x86_64-linux-gnu/libOgreMain.so
[2.847s] -- Looking for OGRE_Paging...
[2.854s] -- Found OGRE_Paging: optimized;/usr/lib/x86_64-linux-gnu/libOgrePaging.so;debug;/usr/lib/x86_64-linux-gnu/libOgrePaging.so
[2.855s] -- Looking for OGRE_Terrain...
[2.859s] -- Found OGRE_Terrain: optimized;/usr/lib/x86_64-linux-gnu/libOgreTerrain.so;debug;/usr/lib/x86_64-linux-gnu/libOgreTerrain.so
[2.859s] -- Looking for OGRE_Property...
[2.865s] -- Found OGRE_Property: optimized;/usr/lib/x86_64-linux-gnu/libOgreProperty.so;debug;/usr/lib/x86_64-linux-gnu/libOgreProperty.so
[2.865s] -- Looking for OGRE_RTShaderSystem...
[2.872s] -- Found OGRE_RTShaderSystem: optimized;/usr/lib/x86_64-linux-gnu/libOgreRTShaderSystem.so;debug;/usr/lib/x86_64-linux-gnu/libOgreRTShaderSystem.so
[2.872s] -- Looking for OGRE_Volume...
[2.877s] -- Found OGRE_Volume: optimized;/usr/lib/x86_64-linux-gnu/libOgreVolume.so;debug;/usr/lib/x86_64-linux-gnu/libOgreVolume.so
[2.877s] -- Looking for OGRE_Overlay...
[2.882s] -- Found OGRE_Overlay: optimized;/usr/lib/x86_64-linux-gnu/libOgreOverlay.so;debug;/usr/lib/x86_64-linux-gnu/libOgreOverlay.so
[3.009s] -- Looking for ignition-math6 -- found version 6.15.1
[3.015s] -- Looking for ignition-transport8 -- found version 8.2.1
[3.016s] -- Searching for dependencies of ignition-transport8
[3.039s] -- Found Protobuf: /usr/lib/x86_64-linux-gnu/libprotobuf.so (found suitable version "3.12.4", minimum required is "3") 
[3.054s] -- Config-file not installed for ZeroMQ -- checking for pkg-config
[3.062s] -- Checking for module 'libzmq >= 4'
[3.089s] --   Found libzmq , version 4.3.4
[3.162s] -- Found ZeroMQ: TRUE (Required is at least version "4") 
[3.171s] -- Checking for module 'uuid'
[3.194s] --   Found uuid, version 2.37.2
[3.260s] -- Found UUID: TRUE  
[3.265s] -- Looking for ignition-msgs5 -- found version 5.8.1
[3.266s] -- Searching for dependencies of ignition-msgs5
[3.294s] -- Looking for ignition-math6 -- found version 6.15.1
[3.303s] -- Checking for module 'tinyxml2'
[3.330s] --   Found tinyxml2, version 9.0.0
[3.401s] -- Looking for ignition-msgs5 -- found version 5.8.1
[3.406s] -- Looking for ignition-common3 -- found version 3.14.0
[3.406s] -- Searching for dependencies of ignition-common3
[3.407s] -- Looking for dlfcn.h - found
[3.409s] -- Looking for libdl - found
[3.410s] -- Found DL: TRUE  
[3.431s] -- Found tinyobjloader: /usr/lib/x86_64-linux-gnu/cmake/tinyobjloader/tinyobjloader-config.cmake (found version "2.0.0") 
[3.435s] -- Searching for <ignition-common3> component [graphics]
[3.437s] -- Looking for ignition-common3-graphics -- found version 3.14.0
[3.438s] -- Searching for dependencies of ignition-common3-graphics
[3.438s] -- Looking for ignition-math6 -- found version 6.15.1
[3.446s] -- Looking for ignition-fuel_tools4 -- found version 4.4.0
[3.446s] -- Searching for dependencies of ignition-fuel_tools4
[3.593s] -- Found CURL: /usr/lib/x86_64-linux-gnu/libcurl.so (found version "7.81.0")  
[3.613s] -- Checking for module 'jsoncpp'
[3.641s] --   Found jsoncpp, version 1.9.5
[3.705s] -- Found JSONCPP: TRUE  
[3.714s] -- Checking for module 'libzip'
[3.739s] --   Found libzip, version 1.7.3
[3.817s] -- Found ZIP: TRUE  
[3.817s] -- Looking for ignition-common3 -- found version 3.14.0
[3.817s] -- Looking for ignition-math6 -- found version 6.15.1
[3.817s] -- Looking for ignition-msgs5 -- found version 5.8.1
[3.828s] -- Gazebo version: 11.10
[3.828s] -- Checking for module 'tbb'
[3.856s] --   Found tbb, version 2021.5.0
[3.940s] -- Found image_transport: 3.1.12 (/opt/ros/humble/share/image_transport/cmake)
[4.049s] -- Found camera_info_manager: 3.1.12 (/opt/ros/humble/share/camera_info_manager/cmake)
[4.084s] -- Found ament_lint_auto: 0.12.14 (/opt/ros/humble/share/ament_lint_auto/cmake)
[4.187s] -- Configuring done
[4.338s] -- Generating done
[4.341s] CMake Warning:
[4.341s]   Manually-specified variables were not used by the project:
[4.341s] 
[4.341s]     CATKIN_INSTALL_INTO_PREFIX_ROOT
[4.341s]     CATKIN_SYMLINK_INSTALL
[4.341s] 
[4.341s] 
[4.347s] -- Build files have been written to: /home/hw/my_project/my_ws/build/realsense_gazebo_plugin
[4.431s] Invoked command in '/home/hw/my_project/my_ws/build/realsense_gazebo_plugin' returned '0': /usr/bin/cmake /home/hw/my_project/my_ws/src/sim_models/realsense_gazebo_plugin -DCATKIN_INSTALL_INTO_PREFIX_ROOT=0 -DCATKIN_SYMLINK_INSTALL=ON -DCMAKE_INSTALL_PREFIX=/home/hw/my_project/my_ws/install/realsense_gazebo_plugin
[4.438s] Invoking command in '/home/hw/my_project/my_ws/build/realsense_gazebo_plugin': /usr/bin/cmake --build /home/hw/my_project/my_ws/build/realsense_gazebo_plugin -- -j16 -l16
[4.805s] [ 33%] Building CXX object CMakeFiles/realsense_gazebo_plugin.dir/src/RealSensePlugin.cpp.o
[4.817s] [ 66%] Building CXX object CMakeFiles/realsense_gazebo_plugin.dir/src/gazebo_ros_realsense.cpp.o
[37.459s] [100%] Linking CXX shared library librealsense_gazebo_plugin.so
[38.351s] [100%] Built target realsense_gazebo_plugin
[38.428s] Invoked command in '/home/hw/my_project/my_ws/build/realsense_gazebo_plugin' returned '0': /usr/bin/cmake --build /home/hw/my_project/my_ws/build/realsense_gazebo_plugin -- -j16 -l16
[38.431s] Invoking command in '/home/hw/my_project/my_ws/build/realsense_gazebo_plugin': /usr/bin/cmake --install /home/hw/my_project/my_ws/build/realsense_gazebo_plugin
[38.440s] -- Install configuration: ""
[38.440s] -- Installing: /home/hw/my_project/my_ws/install/realsense_gazebo_plugin/lib/librealsense_gazebo_plugin.so
[38.449s] -- Set runtime path of "/home/hw/my_project/my_ws/install/realsense_gazebo_plugin/lib/librealsense_gazebo_plugin.so" to ""
[38.449s] -- Installing: /home/hw/my_project/my_ws/install/realsense_gazebo_plugin/include/
[38.449s] -- Installing: /home/hw/my_project/my_ws/install/realsense_gazebo_plugin/include//realsense_gazebo_plugin
[38.449s] -- Installing: /home/hw/my_project/my_ws/install/realsense_gazebo_plugin/include//realsense_gazebo_plugin/gazebo_ros_realsense.h
[38.449s] -- Installing: /home/hw/my_project/my_ws/install/realsense_gazebo_plugin/include//realsense_gazebo_plugin/RealSensePlugin.h
[38.450s] -- Installing: /home/hw/my_project/my_ws/install/realsense_gazebo_plugin/share/realsense_gazebo_plugin/environment/library_path.sh
[38.450s] -- Installing: /home/hw/my_project/my_ws/install/realsense_gazebo_plugin/share/realsense_gazebo_plugin/environment/library_path.dsv
[38.450s] -- Installing: /home/hw/my_project/my_ws/install/realsense_gazebo_plugin/share/ament_index/resource_index/package_run_dependencies/realsense_gazebo_plugin
[38.450s] -- Installing: /home/hw/my_project/my_ws/install/realsense_gazebo_plugin/share/ament_index/resource_index/parent_prefix_path/realsense_gazebo_plugin
[38.450s] -- Installing: /home/hw/my_project/my_ws/install/realsense_gazebo_plugin/share/realsense_gazebo_plugin/environment/ament_prefix_path.sh
[38.451s] -- Installing: /home/hw/my_project/my_ws/install/realsense_gazebo_plugin/share/realsense_gazebo_plugin/environment/ament_prefix_path.dsv
[38.451s] -- Installing: /home/hw/my_project/my_ws/install/realsense_gazebo_plugin/share/realsense_gazebo_plugin/environment/path.sh
[38.451s] -- Installing: /home/hw/my_project/my_ws/install/realsense_gazebo_plugin/share/realsense_gazebo_plugin/environment/path.dsv
[38.452s] -- Installing: /home/hw/my_project/my_ws/install/realsense_gazebo_plugin/share/realsense_gazebo_plugin/local_setup.bash
[38.452s] -- Installing: /home/hw/my_project/my_ws/install/realsense_gazebo_plugin/share/realsense_gazebo_plugin/local_setup.sh
[38.452s] -- Installing: /home/hw/my_project/my_ws/install/realsense_gazebo_plugin/share/realsense_gazebo_plugin/local_setup.zsh
[38.452s] -- Installing: /home/hw/my_project/my_ws/install/realsense_gazebo_plugin/share/realsense_gazebo_plugin/local_setup.dsv
[38.452s] -- Installing: /home/hw/my_project/my_ws/install/realsense_gazebo_plugin/share/realsense_gazebo_plugin/package.dsv
[38.453s] -- Installing: /home/hw/my_project/my_ws/install/realsense_gazebo_plugin/share/ament_index/resource_index/packages/realsense_gazebo_plugin
[38.453s] -- Installing: /home/hw/my_project/my_ws/install/realsense_gazebo_plugin/share/realsense_gazebo_plugin/cmake/ament_cmake_export_include_directories-extras.cmake
[38.453s] -- Installing: /home/hw/my_project/my_ws/install/realsense_gazebo_plugin/share/realsense_gazebo_plugin/cmake/ament_cmake_export_libraries-extras.cmake
[38.454s] -- Installing: /home/hw/my_project/my_ws/install/realsense_gazebo_plugin/share/realsense_gazebo_plugin/cmake/realsense_gazebo_pluginConfig.cmake
[38.454s] -- Installing: /home/hw/my_project/my_ws/install/realsense_gazebo_plugin/share/realsense_gazebo_plugin/cmake/realsense_gazebo_pluginConfig-version.cmake
[38.454s] -- Installing: /home/hw/my_project/my_ws/install/realsense_gazebo_plugin/share/realsense_gazebo_plugin/package.xml
[38.464s] Invoked command in '/home/hw/my_project/my_ws/build/realsense_gazebo_plugin' returned '0': /usr/bin/cmake --install /home/hw/my_project/my_ws/build/realsense_gazebo_plugin
