[0.019s] Invoking command in '/home/hw/my_project/my_ws/build/gazebo_grasp_plugin_ros': AMENT_PREFIX_PATH=/home/hw/my_project/my_ws/install/gazebo_version_helpers:${AMENT_PREFIX_PATH} CMAKE_PREFIX_PATH=/opt/ros/humble:/home/hw/my_project/my_ws/install/gazebo_grasp_plugin:/home/hw/my_project/my_ws/install/gazebo_version_helpers LD_LIBRARY_PATH=/home/hw/my_project/my_ws/install/gazebo_grasp_plugin/lib:/home/hw/my_project/my_ws/install/gazebo_version_helpers/lib:${LD_LIBRARY_PATH} PKG_CONFIG_PATH=/home/hw/my_project/my_ws/install/gazebo_grasp_plugin/lib/x86_64-linux-gnu/pkgconfig:/home/hw/my_project/my_ws/install/gazebo_grasp_plugin/lib/pkgconfig ROS_PACKAGE_PATH=/home/hw/my_project/my_ws/install/gazebo_grasp_plugin/share /usr/bin/cmake /home/hw/my_project/my_ws/src/sim_models/gazebo_grasp_plugin_ros -DAMENT_CMAKE_SYMLINK_INSTALL=1 -DCMAKE_INSTALL_PREFIX=/home/hw/my_project/my_ws/install/gazebo_grasp_plugin_ros
[0.091s] -- The C compiler identification is GNU 11.4.0
[0.162s] -- The CXX compiler identification is GNU 11.4.0
[0.173s] -- Detecting C compiler ABI info
[0.275s] -- Detecting C compiler ABI info - done
[0.282s] -- Check for working C compiler: /usr/bin/cc - skipped
[0.282s] -- Detecting C compile features
[0.282s] -- Detecting C compile features - done
[0.285s] -- Detecting CXX compiler ABI info
[0.399s] -- Detecting CXX compiler ABI info - done
[0.407s] -- Check for working CXX compiler: /usr/bin/c++ - skipped
[0.408s] -- Detecting CXX compile features
[0.409s] -- Detecting CXX compile features - done
[0.411s] -- Found ament_cmake: 1.3.12 (/opt/ros/humble/share/ament_cmake/cmake)
[0.574s] -- Found Python3: /usr/bin/python3 (found version "3.10.12") found components: Interpreter 
[0.639s] -- Override CMake install command with custom implementation using symlinks instead of copying resources
[0.677s] -- Found rclcpp: 16.0.17 (/opt/ros/humble/share/rclcpp/cmake)
[0.725s] -- Found rosidl_generator_c: 3.1.8 (/opt/ros/humble/share/rosidl_generator_c/cmake)
[0.730s] -- Found rosidl_adapter: 3.1.8 (/opt/ros/humble/share/rosidl_adapter/cmake)
[0.739s] -- Found rosidl_generator_cpp: 3.1.8 (/opt/ros/humble/share/rosidl_generator_cpp/cmake)
[0.752s] -- Using all available rosidl_typesupport_c: rosidl_typesupport_fastrtps_c;rosidl_typesupport_introspection_c
[0.771s] -- Using all available rosidl_typesupport_cpp: rosidl_typesupport_fastrtps_cpp;rosidl_typesupport_introspection_cpp
[0.808s] -- Found rmw_implementation_cmake: 6.1.2 (/opt/ros/humble/share/rmw_implementation_cmake/cmake)
[0.810s] -- Found rmw_fastrtps_cpp: 6.2.9 (/opt/ros/humble/share/rmw_fastrtps_cpp/cmake)
[0.936s] -- Found OpenSSL: /usr/lib/x86_64-linux-gnu/libcrypto.so (found version "3.0.2")  
[0.970s] -- Found FastRTPS: /opt/ros/humble/include  
[1.020s] -- Using RMW implementation 'rmw_fastrtps_cpp' as default
[1.030s] -- Looking for pthread.h
[1.141s] -- Looking for pthread.h - found
[1.141s] -- Performing Test CMAKE_HAVE_LIBC_PTHREAD
[1.245s] -- Performing Test CMAKE_HAVE_LIBC_PTHREAD - Success
[1.246s] -- Found Threads: TRUE  
[1.300s] -- Found gazebo_dev: 3.9.0 (/opt/ros/humble/share/gazebo_dev/cmake)
[1.310s] -- Found PkgConfig: /usr/bin/pkg-config (found version "0.29.2") 
[1.311s] -- Checking for module 'bullet>=2.82'
[1.334s] --   Found bullet, version 3.05
[1.504s] -- Found fcl: /usr/include (found suitable version "0.7.0", minimum required is "0.5.0") 
[1.594s] -- Found assimp: /usr/include (found version "5.2.0") 
[1.613s] -- Found DART: /usr/include (Required is at least version "6.6") found components: dart 
[1.647s] -- Found Boost: /usr/lib/x86_64-linux-gnu/cmake/Boost-1.74.0/BoostConfig.cmake (found suitable version "1.74.0", minimum required is "1.40.0") found components: thread system filesystem program_options regex iostreams date_time 
[1.662s] -- Found Protobuf: /usr/lib/x86_64-linux-gnu/libprotobuf.so (found version "3.12.4") 
[1.670s] -- Looking for ignition-math6 -- found version 6.15.1
[1.677s] -- Searching for dependencies of ignition-math6
[1.679s] -- Looking for OGRE...
[1.679s] -- OGRE_PREFIX_WATCH changed.
[1.687s] -- Checking for module 'OGRE'
[1.709s] --   Found OGRE, version 1.9.0
[1.771s] -- Found Ogre Ghadamon (1.9.0)
[1.785s] -- Found OGRE: optimized;/usr/lib/x86_64-linux-gnu/libOgreMain.so;debug;/usr/lib/x86_64-linux-gnu/libOgreMain.so
[1.788s] -- Looking for OGRE_Paging...
[1.793s] -- Found OGRE_Paging: optimized;/usr/lib/x86_64-linux-gnu/libOgrePaging.so;debug;/usr/lib/x86_64-linux-gnu/libOgrePaging.so
[1.794s] -- Looking for OGRE_Terrain...
[1.798s] -- Found OGRE_Terrain: optimized;/usr/lib/x86_64-linux-gnu/libOgreTerrain.so;debug;/usr/lib/x86_64-linux-gnu/libOgreTerrain.so
[1.798s] -- Looking for OGRE_Property...
[1.802s] -- Found OGRE_Property: optimized;/usr/lib/x86_64-linux-gnu/libOgreProperty.so;debug;/usr/lib/x86_64-linux-gnu/libOgreProperty.so
[1.802s] -- Looking for OGRE_RTShaderSystem...
[1.806s] -- Found OGRE_RTShaderSystem: optimized;/usr/lib/x86_64-linux-gnu/libOgreRTShaderSystem.so;debug;/usr/lib/x86_64-linux-gnu/libOgreRTShaderSystem.so
[1.807s] -- Looking for OGRE_Volume...
[1.810s] -- Found OGRE_Volume: optimized;/usr/lib/x86_64-linux-gnu/libOgreVolume.so;debug;/usr/lib/x86_64-linux-gnu/libOgreVolume.so
[1.810s] -- Looking for OGRE_Overlay...
[1.819s] -- Found OGRE_Overlay: optimized;/usr/lib/x86_64-linux-gnu/libOgreOverlay.so;debug;/usr/lib/x86_64-linux-gnu/libOgreOverlay.so
[1.929s] -- Looking for ignition-math6 -- found version 6.15.1
[1.932s] -- Looking for ignition-transport8 -- found version 8.2.1
[1.933s] -- Searching for dependencies of ignition-transport8
[1.953s] -- Found Protobuf: /usr/lib/x86_64-linux-gnu/libprotobuf.so (found suitable version "3.12.4", minimum required is "3") 
[1.964s] -- Config-file not installed for ZeroMQ -- checking for pkg-config
[1.971s] -- Checking for module 'libzmq >= 4'
[1.995s] --   Found libzmq , version 4.3.4
[2.059s] -- Found ZeroMQ: TRUE (Required is at least version "4") 
[2.068s] -- Checking for module 'uuid'
[2.091s] --   Found uuid, version 2.37.2
[2.147s] -- Found UUID: TRUE  
[2.151s] -- Looking for ignition-msgs5 -- found version 5.8.1
[2.151s] -- Searching for dependencies of ignition-msgs5
[2.172s] -- Looking for ignition-math6 -- found version 6.15.1
[2.180s] -- Checking for module 'tinyxml2'
[2.211s] --   Found tinyxml2, version 9.0.0
[2.277s] -- Looking for ignition-msgs5 -- found version 5.8.1
[2.280s] -- Looking for ignition-common3 -- found version 3.14.0
[2.280s] -- Searching for dependencies of ignition-common3
[2.281s] -- Looking for dlfcn.h - found
[2.282s] -- Looking for libdl - found
[2.283s] -- Found DL: TRUE  
[2.296s] -- Found tinyobjloader: /usr/lib/x86_64-linux-gnu/cmake/tinyobjloader/tinyobjloader-config.cmake (found version "2.0.0") 
[2.297s] -- Searching for <ignition-common3> component [graphics]
[2.300s] -- Looking for ignition-common3-graphics -- found version 3.14.0
[2.301s] -- Searching for dependencies of ignition-common3-graphics
[2.301s] -- Looking for ignition-math6 -- found version 6.15.1
[2.305s] -- Looking for ignition-fuel_tools4 -- found version 4.4.0
[2.305s] -- Searching for dependencies of ignition-fuel_tools4
[2.426s] -- Found CURL: /usr/lib/x86_64-linux-gnu/libcurl.so (found version "7.81.0")  
[2.438s] -- Checking for module 'jsoncpp'
[2.457s] --   Found jsoncpp, version 1.9.5
[2.514s] -- Found JSONCPP: TRUE  
[2.520s] -- Checking for module 'libzip'
[2.541s] --   Found libzip, version 1.7.3
[2.605s] -- Found ZIP: TRUE  
[2.606s] -- Looking for ignition-common3 -- found version 3.14.0
[2.607s] -- Looking for ignition-math6 -- found version 6.15.1
[2.607s] -- Looking for ignition-msgs5 -- found version 5.8.1
[2.612s] -- Gazebo version: 11.10
[2.612s] -- Checking for module 'tbb'
[2.634s] --   Found tbb, version 2021.5.0
[2.690s] -- Found gazebo_ros: 3.9.0 (/opt/ros/humble/share/gazebo_ros/cmake)
[2.695s] -- Found gazebo_msgs: 3.9.0 (/opt/ros/humble/share/gazebo_msgs/cmake)
[2.760s] -- Found gazebo_grasp_plugin: 1.0.2 (/home/hw/my_project/my_ws/install/gazebo_grasp_plugin/share/gazebo_grasp_plugin/cmake)
[2.830s] -- Configuring done
[2.870s] -- Generating done
[2.876s] -- Build files have been written to: /home/hw/my_project/my_ws/build/gazebo_grasp_plugin_ros
[31.797s] Invoked command in '/home/hw/my_project/my_ws/build/gazebo_grasp_plugin_ros' returned '0': AMENT_PREFIX_PATH=/home/hw/my_project/my_ws/install/gazebo_version_helpers:${AMENT_PREFIX_PATH} CMAKE_PREFIX_PATH=/opt/ros/humble:/home/hw/my_project/my_ws/install/gazebo_grasp_plugin:/home/hw/my_project/my_ws/install/gazebo_version_helpers LD_LIBRARY_PATH=/home/hw/my_project/my_ws/install/gazebo_grasp_plugin/lib:/home/hw/my_project/my_ws/install/gazebo_version_helpers/lib:${LD_LIBRARY_PATH} PKG_CONFIG_PATH=/home/hw/my_project/my_ws/install/gazebo_grasp_plugin/lib/x86_64-linux-gnu/pkgconfig:/home/hw/my_project/my_ws/install/gazebo_grasp_plugin/lib/pkgconfig ROS_PACKAGE_PATH=/home/hw/my_project/my_ws/install/gazebo_grasp_plugin/share /usr/bin/cmake /home/hw/my_project/my_ws/src/sim_models/gazebo_grasp_plugin_ros -DAMENT_CMAKE_SYMLINK_INSTALL=1 -DCMAKE_INSTALL_PREFIX=/home/hw/my_project/my_ws/install/gazebo_grasp_plugin_ros
[31.800s] Invoking command in '/home/hw/my_project/my_ws/build/gazebo_grasp_plugin_ros': AMENT_PREFIX_PATH=/home/hw/my_project/my_ws/install/gazebo_version_helpers:${AMENT_PREFIX_PATH} CMAKE_PREFIX_PATH=/opt/ros/humble:/home/hw/my_project/my_ws/install/gazebo_grasp_plugin:/home/hw/my_project/my_ws/install/gazebo_version_helpers LD_LIBRARY_PATH=/home/hw/my_project/my_ws/install/gazebo_grasp_plugin/lib:/home/hw/my_project/my_ws/install/gazebo_version_helpers/lib:${LD_LIBRARY_PATH} PKG_CONFIG_PATH=/home/hw/my_project/my_ws/install/gazebo_grasp_plugin/lib/x86_64-linux-gnu/pkgconfig:/home/hw/my_project/my_ws/install/gazebo_grasp_plugin/lib/pkgconfig ROS_PACKAGE_PATH=/home/hw/my_project/my_ws/install/gazebo_grasp_plugin/share /usr/bin/cmake --build /home/hw/my_project/my_ws/build/gazebo_grasp_plugin_ros -- -j16 -l16
[31.872s] [ 50%] Building CXX object CMakeFiles/grasp_event_republisher.dir/src/grasp_event_republisher.cpp.o
[43.542s] [100%] Linking CXX executable grasp_event_republisher
[44.697s] [100%] Built target grasp_event_republisher
[61.816s] Invoked command in '/home/hw/my_project/my_ws/build/gazebo_grasp_plugin_ros' returned '0': AMENT_PREFIX_PATH=/home/hw/my_project/my_ws/install/gazebo_version_helpers:${AMENT_PREFIX_PATH} CMAKE_PREFIX_PATH=/opt/ros/humble:/home/hw/my_project/my_ws/install/gazebo_grasp_plugin:/home/hw/my_project/my_ws/install/gazebo_version_helpers LD_LIBRARY_PATH=/home/hw/my_project/my_ws/install/gazebo_grasp_plugin/lib:/home/hw/my_project/my_ws/install/gazebo_version_helpers/lib:${LD_LIBRARY_PATH} PKG_CONFIG_PATH=/home/hw/my_project/my_ws/install/gazebo_grasp_plugin/lib/x86_64-linux-gnu/pkgconfig:/home/hw/my_project/my_ws/install/gazebo_grasp_plugin/lib/pkgconfig ROS_PACKAGE_PATH=/home/hw/my_project/my_ws/install/gazebo_grasp_plugin/share /usr/bin/cmake --build /home/hw/my_project/my_ws/build/gazebo_grasp_plugin_ros -- -j16 -l16
[61.818s] Invoking command in '/home/hw/my_project/my_ws/build/gazebo_grasp_plugin_ros': AMENT_PREFIX_PATH=/home/hw/my_project/my_ws/install/gazebo_version_helpers:${AMENT_PREFIX_PATH} CMAKE_PREFIX_PATH=/opt/ros/humble:/home/hw/my_project/my_ws/install/gazebo_grasp_plugin:/home/hw/my_project/my_ws/install/gazebo_version_helpers LD_LIBRARY_PATH=/home/hw/my_project/my_ws/install/gazebo_grasp_plugin/lib:/home/hw/my_project/my_ws/install/gazebo_version_helpers/lib:${LD_LIBRARY_PATH} PKG_CONFIG_PATH=/home/hw/my_project/my_ws/install/gazebo_grasp_plugin/lib/x86_64-linux-gnu/pkgconfig:/home/hw/my_project/my_ws/install/gazebo_grasp_plugin/lib/pkgconfig ROS_PACKAGE_PATH=/home/hw/my_project/my_ws/install/gazebo_grasp_plugin/share /usr/bin/cmake --install /home/hw/my_project/my_ws/build/gazebo_grasp_plugin_ros
[61.829s] -- Install configuration: ""
[61.829s] -- Execute custom install script
[61.832s] -- Symlinking: /home/hw/my_project/my_ws/install/gazebo_grasp_plugin_ros/lib/gazebo_grasp_plugin_ros/grasp_event_republisher
[61.844s] -- Symlinking: /home/hw/my_project/my_ws/install/gazebo_grasp_plugin_ros/share/ament_index/resource_index/package_run_dependencies/gazebo_grasp_plugin_ros
[61.856s] -- Symlinking: /home/hw/my_project/my_ws/install/gazebo_grasp_plugin_ros/share/ament_index/resource_index/parent_prefix_path/gazebo_grasp_plugin_ros
[61.868s] -- Symlinking: /home/hw/my_project/my_ws/install/gazebo_grasp_plugin_ros/share/gazebo_grasp_plugin_ros/environment/ament_prefix_path.sh
[61.880s] -- Symlinking: /home/hw/my_project/my_ws/install/gazebo_grasp_plugin_ros/share/gazebo_grasp_plugin_ros/environment/ament_prefix_path.dsv
[61.890s] -- Symlinking: /home/hw/my_project/my_ws/install/gazebo_grasp_plugin_ros/share/gazebo_grasp_plugin_ros/environment/path.sh
[61.901s] -- Symlinking: /home/hw/my_project/my_ws/install/gazebo_grasp_plugin_ros/share/gazebo_grasp_plugin_ros/environment/path.dsv
[61.912s] -- Symlinking: /home/hw/my_project/my_ws/install/gazebo_grasp_plugin_ros/share/gazebo_grasp_plugin_ros/local_setup.bash
[61.924s] -- Symlinking: /home/hw/my_project/my_ws/install/gazebo_grasp_plugin_ros/share/gazebo_grasp_plugin_ros/local_setup.sh
[61.938s] -- Symlinking: /home/hw/my_project/my_ws/install/gazebo_grasp_plugin_ros/share/gazebo_grasp_plugin_ros/local_setup.zsh
[61.951s] -- Symlinking: /home/hw/my_project/my_ws/install/gazebo_grasp_plugin_ros/share/gazebo_grasp_plugin_ros/local_setup.dsv
[61.962s] -- Symlinking: /home/hw/my_project/my_ws/install/gazebo_grasp_plugin_ros/share/gazebo_grasp_plugin_ros/package.dsv
[61.973s] -- Symlinking: /home/hw/my_project/my_ws/install/gazebo_grasp_plugin_ros/share/ament_index/resource_index/packages/gazebo_grasp_plugin_ros
[61.984s] -- Symlinking: /home/hw/my_project/my_ws/install/gazebo_grasp_plugin_ros/share/gazebo_grasp_plugin_ros/cmake/gazebo_grasp_plugin_rosConfig.cmake
[61.995s] -- Symlinking: /home/hw/my_project/my_ws/install/gazebo_grasp_plugin_ros/share/gazebo_grasp_plugin_ros/cmake/gazebo_grasp_plugin_rosConfig-version.cmake
[62.005s] -- Symlinking: /home/hw/my_project/my_ws/install/gazebo_grasp_plugin_ros/share/gazebo_grasp_plugin_ros/package.xml
[62.019s] Invoked command in '/home/hw/my_project/my_ws/build/gazebo_grasp_plugin_ros' returned '0': AMENT_PREFIX_PATH=/home/hw/my_project/my_ws/install/gazebo_version_helpers:${AMENT_PREFIX_PATH} CMAKE_PREFIX_PATH=/opt/ros/humble:/home/hw/my_project/my_ws/install/gazebo_grasp_plugin:/home/hw/my_project/my_ws/install/gazebo_version_helpers LD_LIBRARY_PATH=/home/hw/my_project/my_ws/install/gazebo_grasp_plugin/lib:/home/hw/my_project/my_ws/install/gazebo_version_helpers/lib:${LD_LIBRARY_PATH} PKG_CONFIG_PATH=/home/hw/my_project/my_ws/install/gazebo_grasp_plugin/lib/x86_64-linux-gnu/pkgconfig:/home/hw/my_project/my_ws/install/gazebo_grasp_plugin/lib/pkgconfig ROS_PACKAGE_PATH=/home/hw/my_project/my_ws/install/gazebo_grasp_plugin/share /usr/bin/cmake --install /home/hw/my_project/my_ws/build/gazebo_grasp_plugin_ros
