-- The C compiler identification is GNU 11.4.0
-- The CXX compiler identification is GNU 11.4.0
-- Detecting C compiler ABI info
-- Detecting C compiler ABI info - done
-- Check for working C compiler: /usr/bin/cc - skipped
-- Detecting C compile features
-- Detecting C compile features - done
-- Detecting CXX compiler ABI info
-- Detecting CXX compiler ABI info - done
-- Check for working CXX compiler: /usr/bin/c++ - skipped
-- Detecting CXX compile features
-- Detecting CXX compile features - done
-- Found ament_cmake: 1.3.12 (/opt/ros/humble/share/ament_cmake/cmake)
-- Found Python3: /usr/bin/python3 (found version "3.10.12") found components: Interpreter 
-- Override CMake install command with custom implementation using symlinks instead of copying resources
-- Found ament_lint_auto: 0.12.14 (/opt/ros/humble/share/ament_lint_auto/cmake)
-- Added test 'lint_cmake' to check CMake code style
-- Added test 'xmllint' to check XML markup files
-- Configuring done
-- Generating done
-- Build files have been written to: /home/hw/my_project/my_ws/build/robotiq_moveit_config
-- Install configuration: ""
-- Execute custom install script
-- Symlinking: /home/hw/my_project/my_ws/install/robotiq_moveit_config/share/robotiq_moveit_config/srdf/robotiq_macro.srdf.xacro
-- Symlinking: /home/hw/my_project/my_ws/install/robotiq_moveit_config/share/ament_index/resource_index/package_run_dependencies/robotiq_moveit_config
-- Symlinking: /home/hw/my_project/my_ws/install/robotiq_moveit_config/share/ament_index/resource_index/parent_prefix_path/robotiq_moveit_config
-- Symlinking: /home/hw/my_project/my_ws/install/robotiq_moveit_config/share/robotiq_moveit_config/environment/ament_prefix_path.sh
-- Symlinking: /home/hw/my_project/my_ws/install/robotiq_moveit_config/share/robotiq_moveit_config/environment/ament_prefix_path.dsv
-- Symlinking: /home/hw/my_project/my_ws/install/robotiq_moveit_config/share/robotiq_moveit_config/environment/path.sh
-- Symlinking: /home/hw/my_project/my_ws/install/robotiq_moveit_config/share/robotiq_moveit_config/environment/path.dsv
-- Symlinking: /home/hw/my_project/my_ws/install/robotiq_moveit_config/share/robotiq_moveit_config/local_setup.bash
-- Symlinking: /home/hw/my_project/my_ws/install/robotiq_moveit_config/share/robotiq_moveit_config/local_setup.sh
-- Symlinking: /home/hw/my_project/my_ws/install/robotiq_moveit_config/share/robotiq_moveit_config/local_setup.zsh
-- Symlinking: /home/hw/my_project/my_ws/install/robotiq_moveit_config/share/robotiq_moveit_config/local_setup.dsv
-- Symlinking: /home/hw/my_project/my_ws/install/robotiq_moveit_config/share/robotiq_moveit_config/package.dsv
-- Symlinking: /home/hw/my_project/my_ws/install/robotiq_moveit_config/share/ament_index/resource_index/packages/robotiq_moveit_config
-- Symlinking: /home/hw/my_project/my_ws/install/robotiq_moveit_config/share/robotiq_moveit_config/cmake/robotiq_moveit_configConfig.cmake
-- Symlinking: /home/hw/my_project/my_ws/install/robotiq_moveit_config/share/robotiq_moveit_config/cmake/robotiq_moveit_configConfig-version.cmake
-- Symlinking: /home/hw/my_project/my_ws/install/robotiq_moveit_config/share/robotiq_moveit_config/package.xml
