[0.049s] Invoking command in '/home/hw/my_project/my_ws/build/robotiq_moveit_config': CMAKE_PREFIX_PATH=/opt/ros/humble /usr/bin/cmake /home/hw/my_project/my_ws/src/robotiq_moveit_config -DAMENT_CMAKE_SYMLINK_INSTALL=1 -DCMAKE_INSTALL_PREFIX=/home/hw/my_project/my_ws/install/robotiq_moveit_config
[0.398s] -- The C compiler identification is GNU 11.4.0
[0.739s] -- The CXX compiler identification is GNU 11.4.0
[0.739s] -- Detecting C compiler ABI info
[0.739s] -- Detecting C compiler ABI info - done
[0.739s] -- Check for working C compiler: /usr/bin/cc - skipped
[0.740s] -- Detecting C compile features
[0.741s] -- Detecting C compile features - done
[0.742s] -- Detecting CXX compiler ABI info
[0.827s] -- Detecting CXX compiler ABI info - done
[0.836s] -- Check for working CXX compiler: /usr/bin/c++ - skipped
[0.837s] -- Detecting CXX compile features
[0.838s] -- Detecting CXX compile features - done
[0.849s] -- Found ament_cmake: 1.3.12 (/opt/ros/humble/share/ament_cmake/cmake)
[1.065s] -- Found Python3: /usr/bin/python3 (found version "3.10.12") found components: Interpreter 
[1.158s] -- Override CMake install command with custom implementation using symlinks instead of copying resources
[1.233s] -- Found ament_lint_auto: 0.12.14 (/opt/ros/humble/share/ament_lint_auto/cmake)
[1.376s] -- Added test 'lint_cmake' to check CMake code style
[1.378s] -- Added test 'xmllint' to check XML markup files
[1.382s] -- Configuring done
[1.387s] -- Generating done
[1.390s] -- Build files have been written to: /home/hw/my_project/my_ws/build/robotiq_moveit_config
[1.400s] Invoked command in '/home/hw/my_project/my_ws/build/robotiq_moveit_config' returned '0': CMAKE_PREFIX_PATH=/opt/ros/humble /usr/bin/cmake /home/hw/my_project/my_ws/src/robotiq_moveit_config -DAMENT_CMAKE_SYMLINK_INSTALL=1 -DCMAKE_INSTALL_PREFIX=/home/hw/my_project/my_ws/install/robotiq_moveit_config
[1.402s] Invoking command in '/home/hw/my_project/my_ws/build/robotiq_moveit_config': CMAKE_PREFIX_PATH=/opt/ros/humble /usr/bin/cmake --build /home/hw/my_project/my_ws/build/robotiq_moveit_config -- -j16 -l16
[1.469s] Invoked command in '/home/hw/my_project/my_ws/build/robotiq_moveit_config' returned '0': CMAKE_PREFIX_PATH=/opt/ros/humble /usr/bin/cmake --build /home/hw/my_project/my_ws/build/robotiq_moveit_config -- -j16 -l16
[1.513s] Invoking command in '/home/hw/my_project/my_ws/build/robotiq_moveit_config': CMAKE_PREFIX_PATH=/opt/ros/humble /usr/bin/cmake --install /home/hw/my_project/my_ws/build/robotiq_moveit_config
[1.525s] -- Install configuration: ""
[1.526s] -- Execute custom install script
[1.526s] -- Symlinking: /home/hw/my_project/my_ws/install/robotiq_moveit_config/share/robotiq_moveit_config/srdf/robotiq_macro.srdf.xacro
[1.561s] -- Symlinking: /home/hw/my_project/my_ws/install/robotiq_moveit_config/share/ament_index/resource_index/package_run_dependencies/robotiq_moveit_config
[1.578s] -- Symlinking: /home/hw/my_project/my_ws/install/robotiq_moveit_config/share/ament_index/resource_index/parent_prefix_path/robotiq_moveit_config
[1.593s] -- Symlinking: /home/hw/my_project/my_ws/install/robotiq_moveit_config/share/robotiq_moveit_config/environment/ament_prefix_path.sh
[1.609s] -- Symlinking: /home/hw/my_project/my_ws/install/robotiq_moveit_config/share/robotiq_moveit_config/environment/ament_prefix_path.dsv
[1.626s] -- Symlinking: /home/hw/my_project/my_ws/install/robotiq_moveit_config/share/robotiq_moveit_config/environment/path.sh
[1.642s] -- Symlinking: /home/hw/my_project/my_ws/install/robotiq_moveit_config/share/robotiq_moveit_config/environment/path.dsv
[1.659s] -- Symlinking: /home/hw/my_project/my_ws/install/robotiq_moveit_config/share/robotiq_moveit_config/local_setup.bash
[1.675s] -- Symlinking: /home/hw/my_project/my_ws/install/robotiq_moveit_config/share/robotiq_moveit_config/local_setup.sh
[1.691s] -- Symlinking: /home/hw/my_project/my_ws/install/robotiq_moveit_config/share/robotiq_moveit_config/local_setup.zsh
[1.708s] -- Symlinking: /home/hw/my_project/my_ws/install/robotiq_moveit_config/share/robotiq_moveit_config/local_setup.dsv
[1.726s] -- Symlinking: /home/hw/my_project/my_ws/install/robotiq_moveit_config/share/robotiq_moveit_config/package.dsv
[1.740s] -- Symlinking: /home/hw/my_project/my_ws/install/robotiq_moveit_config/share/ament_index/resource_index/packages/robotiq_moveit_config
[1.757s] -- Symlinking: /home/hw/my_project/my_ws/install/robotiq_moveit_config/share/robotiq_moveit_config/cmake/robotiq_moveit_configConfig.cmake
[1.772s] -- Symlinking: /home/hw/my_project/my_ws/install/robotiq_moveit_config/share/robotiq_moveit_config/cmake/robotiq_moveit_configConfig-version.cmake
[1.788s] -- Symlinking: /home/hw/my_project/my_ws/install/robotiq_moveit_config/share/robotiq_moveit_config/package.xml
[1.807s] Invoked command in '/home/hw/my_project/my_ws/build/robotiq_moveit_config' returned '0': CMAKE_PREFIX_PATH=/opt/ros/humble /usr/bin/cmake --install /home/hw/my_project/my_ws/build/robotiq_moveit_config
