[0.018s] Invoking command in '/home/hw/my_project/my_ws/build/realsense2_description': AMENT_PREFIX_PATH=/home/hw/my_project/my_ws/install/realsense2_camera_msgs:${AMENT_PREFIX_PATH} CMAKE_PREFIX_PATH=/home/hw/my_project/my_ws/install/realsense2_camera_msgs:/opt/ros/humble LD_LIBRARY_PATH=/home/hw/my_project/my_ws/install/realsense2_camera_msgs/lib:${LD_LIBRARY_PATH} PYTHONPATH=/home/hw/my_project/my_ws/install/realsense2_camera_msgs/local/lib/python3.10/dist-packages:${PYTHONPATH} /usr/bin/cmake /home/hw/my_project/my_ws/src/sim_models/realsense-ros/realsense2_description -DAMENT_CMAKE_SYMLINK_INSTALL=1 -DCMAKE_INSTALL_PREFIX=/home/hw/my_project/my_ws/install/realsense2_description
[0.103s] -- The C compiler identification is GNU 11.4.0
[0.193s] -- The CXX compiler identification is GNU 11.4.0
[0.205s] -- Detecting C compiler ABI info
[0.315s] -- Detecting C compiler ABI info - done
[0.323s] -- Check for working C compiler: /usr/bin/cc - skipped
[0.323s] -- Detecting C compile features
[0.323s] -- Detecting C compile features - done
[0.327s] -- Detecting CXX compiler ABI info
[0.438s] -- Detecting CXX compiler ABI info - done
[0.445s] -- Check for working CXX compiler: /usr/bin/c++ - skipped
[0.445s] -- Detecting CXX compile features
[0.445s] -- Detecting CXX compile features - done
[0.449s] -- Found ament_cmake: 1.3.12 (/opt/ros/humble/share/ament_cmake/cmake)
[0.616s] -- Found Python3: /usr/bin/python3 (found version "3.10.12") found components: Interpreter 
[0.681s] -- Override CMake install command with custom implementation using symlinks instead of copying resources
[0.793s] -- Configuring done
[0.797s] -- Generating done
[0.799s] -- Build files have been written to: /home/hw/my_project/my_ws/build/realsense2_description
[0.835s] Invoked command in '/home/hw/my_project/my_ws/build/realsense2_description' returned '0': AMENT_PREFIX_PATH=/home/hw/my_project/my_ws/install/realsense2_camera_msgs:${AMENT_PREFIX_PATH} CMAKE_PREFIX_PATH=/home/hw/my_project/my_ws/install/realsense2_camera_msgs:/opt/ros/humble LD_LIBRARY_PATH=/home/hw/my_project/my_ws/install/realsense2_camera_msgs/lib:${LD_LIBRARY_PATH} PYTHONPATH=/home/hw/my_project/my_ws/install/realsense2_camera_msgs/local/lib/python3.10/dist-packages:${PYTHONPATH} /usr/bin/cmake /home/hw/my_project/my_ws/src/sim_models/realsense-ros/realsense2_description -DAMENT_CMAKE_SYMLINK_INSTALL=1 -DCMAKE_INSTALL_PREFIX=/home/hw/my_project/my_ws/install/realsense2_description
[0.836s] Invoking command in '/home/hw/my_project/my_ws/build/realsense2_description': AMENT_PREFIX_PATH=/home/hw/my_project/my_ws/install/realsense2_camera_msgs:${AMENT_PREFIX_PATH} CMAKE_PREFIX_PATH=/home/hw/my_project/my_ws/install/realsense2_camera_msgs:/opt/ros/humble LD_LIBRARY_PATH=/home/hw/my_project/my_ws/install/realsense2_camera_msgs/lib:${LD_LIBRARY_PATH} PYTHONPATH=/home/hw/my_project/my_ws/install/realsense2_camera_msgs/local/lib/python3.10/dist-packages:${PYTHONPATH} /usr/bin/cmake --build /home/hw/my_project/my_ws/build/realsense2_description -- -j16 -l16
[0.892s] Invoked command in '/home/hw/my_project/my_ws/build/realsense2_description' returned '0': AMENT_PREFIX_PATH=/home/hw/my_project/my_ws/install/realsense2_camera_msgs:${AMENT_PREFIX_PATH} CMAKE_PREFIX_PATH=/home/hw/my_project/my_ws/install/realsense2_camera_msgs:/opt/ros/humble LD_LIBRARY_PATH=/home/hw/my_project/my_ws/install/realsense2_camera_msgs/lib:${LD_LIBRARY_PATH} PYTHONPATH=/home/hw/my_project/my_ws/install/realsense2_camera_msgs/local/lib/python3.10/dist-packages:${PYTHONPATH} /usr/bin/cmake --build /home/hw/my_project/my_ws/build/realsense2_description -- -j16 -l16
[0.896s] Invoking command in '/home/hw/my_project/my_ws/build/realsense2_description': AMENT_PREFIX_PATH=/home/hw/my_project/my_ws/install/realsense2_camera_msgs:${AMENT_PREFIX_PATH} CMAKE_PREFIX_PATH=/home/hw/my_project/my_ws/install/realsense2_camera_msgs:/opt/ros/humble LD_LIBRARY_PATH=/home/hw/my_project/my_ws/install/realsense2_camera_msgs/lib:${LD_LIBRARY_PATH} PYTHONPATH=/home/hw/my_project/my_ws/install/realsense2_camera_msgs/local/lib/python3.10/dist-packages:${PYTHONPATH} /usr/bin/cmake --install /home/hw/my_project/my_ws/build/realsense2_description
[0.907s] -- Install configuration: ""
[0.907s] -- Execute custom install script
[0.908s] -- Symlinking: /home/hw/my_project/my_ws/install/realsense2_description/share/realsense2_description/launch/gazebo.launch.py
[0.921s] -- Symlinking: /home/hw/my_project/my_ws/install/realsense2_description/share/realsense2_description/launch/launch_utils.py
[0.933s] -- Symlinking: /home/hw/my_project/my_ws/install/realsense2_description/share/realsense2_description/launch/view_model.launch.py
[0.947s] -- Symlinking: /home/hw/my_project/my_ws/install/realsense2_description/share/realsense2_description/meshes/d415.stl
[0.964s] -- Symlinking: /home/hw/my_project/my_ws/install/realsense2_description/share/realsense2_description/meshes/d435.dae
[0.977s] -- Symlinking: /home/hw/my_project/my_ws/install/realsense2_description/share/realsense2_description/meshes/d455.stl
[0.990s] -- Symlinking: /home/hw/my_project/my_ws/install/realsense2_description/share/realsense2_description/meshes/l515.dae
[1.003s] -- Symlinking: /home/hw/my_project/my_ws/install/realsense2_description/share/realsense2_description/meshes/plug.stl
[1.017s] -- Symlinking: /home/hw/my_project/my_ws/install/realsense2_description/share/realsense2_description/meshes/plug_collision.stl
[1.029s] -- Symlinking: /home/hw/my_project/my_ws/install/realsense2_description/share/realsense2_description/rviz/urdf.rviz
[1.043s] -- Symlinking: /home/hw/my_project/my_ws/install/realsense2_description/share/realsense2_description/urdf/_d415.urdf.xacro
[1.055s] -- Symlinking: /home/hw/my_project/my_ws/install/realsense2_description/share/realsense2_description/urdf/_d435.gazebo.xacro
[1.067s] -- Symlinking: /home/hw/my_project/my_ws/install/realsense2_description/share/realsense2_description/urdf/_d435.urdf.xacro
[1.079s] -- Symlinking: /home/hw/my_project/my_ws/install/realsense2_description/share/realsense2_description/urdf/_d435i.urdf.xacro
[1.092s] -- Symlinking: /home/hw/my_project/my_ws/install/realsense2_description/share/realsense2_description/urdf/_d435i_imu_modules.urdf.xacro
[1.105s] -- Symlinking: /home/hw/my_project/my_ws/install/realsense2_description/share/realsense2_description/urdf/_d455.urdf.xacro
[1.118s] -- Symlinking: /home/hw/my_project/my_ws/install/realsense2_description/share/realsense2_description/urdf/_materials.urdf.xacro
[1.129s] -- Symlinking: /home/hw/my_project/my_ws/install/realsense2_description/share/realsense2_description/urdf/_r410.urdf.xacro
[1.144s] -- Symlinking: /home/hw/my_project/my_ws/install/realsense2_description/share/realsense2_description/urdf/_r430.urdf.xacro
[1.158s] -- Symlinking: /home/hw/my_project/my_ws/install/realsense2_description/share/realsense2_description/urdf/_usb_plug.urdf.xacro
[1.170s] -- Symlinking: /home/hw/my_project/my_ws/install/realsense2_description/share/realsense2_description/urdf/test_d415_camera.urdf.xacro
[1.183s] -- Symlinking: /home/hw/my_project/my_ws/install/realsense2_description/share/realsense2_description/urdf/test_d435_camera.urdf.xacro
[1.195s] -- Symlinking: /home/hw/my_project/my_ws/install/realsense2_description/share/realsense2_description/urdf/test_d435_multiple_cameras.urdf.xacro
[1.209s] -- Symlinking: /home/hw/my_project/my_ws/install/realsense2_description/share/realsense2_description/urdf/test_d435i_camera.urdf.xacro
[1.223s] -- Symlinking: /home/hw/my_project/my_ws/install/realsense2_description/share/realsense2_description/urdf/test_d455_camera.urdf.xacro
[1.236s] -- Symlinking: /home/hw/my_project/my_ws/install/realsense2_description/share/realsense2_description/urdf/test_r410_camera.urdf.xacro
[1.249s] -- Symlinking: /home/hw/my_project/my_ws/install/realsense2_description/share/realsense2_description/urdf/test_r430_camera.urdf.xacro
[1.261s] -- Symlinking: /home/hw/my_project/my_ws/install/realsense2_description/share/ament_index/resource_index/package_run_dependencies/realsense2_description
[1.274s] -- Symlinking: /home/hw/my_project/my_ws/install/realsense2_description/share/ament_index/resource_index/parent_prefix_path/realsense2_description
[1.287s] -- Symlinking: /home/hw/my_project/my_ws/install/realsense2_description/share/realsense2_description/environment/ament_prefix_path.sh
[1.300s] -- Symlinking: /home/hw/my_project/my_ws/install/realsense2_description/share/realsense2_description/environment/ament_prefix_path.dsv
[1.314s] -- Symlinking: /home/hw/my_project/my_ws/install/realsense2_description/share/realsense2_description/environment/path.sh
[1.327s] -- Symlinking: /home/hw/my_project/my_ws/install/realsense2_description/share/realsense2_description/environment/path.dsv
[1.340s] -- Symlinking: /home/hw/my_project/my_ws/install/realsense2_description/share/realsense2_description/local_setup.bash
[1.352s] -- Symlinking: /home/hw/my_project/my_ws/install/realsense2_description/share/realsense2_description/local_setup.sh
[1.365s] -- Symlinking: /home/hw/my_project/my_ws/install/realsense2_description/share/realsense2_description/local_setup.zsh
[1.379s] -- Symlinking: /home/hw/my_project/my_ws/install/realsense2_description/share/realsense2_description/local_setup.dsv
[1.392s] -- Symlinking: /home/hw/my_project/my_ws/install/realsense2_description/share/realsense2_description/package.dsv
[1.404s] -- Symlinking: /home/hw/my_project/my_ws/install/realsense2_description/share/ament_index/resource_index/packages/realsense2_description
[1.418s] -- Symlinking: /home/hw/my_project/my_ws/install/realsense2_description/share/realsense2_description/cmake/realsense2_descriptionConfig.cmake
[1.433s] -- Symlinking: /home/hw/my_project/my_ws/install/realsense2_description/share/realsense2_description/cmake/realsense2_descriptionConfig-version.cmake
[1.446s] -- Symlinking: /home/hw/my_project/my_ws/install/realsense2_description/share/realsense2_description/package.xml
[1.463s] Invoked command in '/home/hw/my_project/my_ws/build/realsense2_description' returned '0': AMENT_PREFIX_PATH=/home/hw/my_project/my_ws/install/realsense2_camera_msgs:${AMENT_PREFIX_PATH} CMAKE_PREFIX_PATH=/home/hw/my_project/my_ws/install/realsense2_camera_msgs:/opt/ros/humble LD_LIBRARY_PATH=/home/hw/my_project/my_ws/install/realsense2_camera_msgs/lib:${LD_LIBRARY_PATH} PYTHONPATH=/home/hw/my_project/my_ws/install/realsense2_camera_msgs/local/lib/python3.10/dist-packages:${PYTHONPATH} /usr/bin/cmake --install /home/hw/my_project/my_ws/build/realsense2_description
