-- The C compiler identification is GNU 11.4.0
-- The CXX compiler identification is GNU 11.4.0
-- Detecting C compiler ABI info
-- Detecting C compiler ABI info - done
-- Check for working C compiler: /usr/bin/cc - skipped
-- Detecting C compile features
-- Detecting C compile features - done
-- Detecting CXX compiler ABI info
-- Detecting CXX compiler ABI info - done
-- Check for working CXX compiler: /usr/bin/c++ - skipped
-- Detecting CXX compile features
-- Detecting CXX compile features - done
-- Found ament_cmake: 1.3.12 (/opt/ros/humble/share/ament_cmake/cmake)
-- Found Python3: /usr/bin/python3 (found version "3.10.12") found components: Interpreter 
-- Found gazebo_dev: 3.9.0 (/opt/ros/humble/share/gazebo_dev/cmake)
-- Found PkgConfig: /usr/bin/pkg-config (found version "0.29.2") 
-- Checking for module 'bullet>=2.82'
--   Found bullet, version 3.05
-- Found fcl: /usr/include (found suitable version "0.7.0", minimum required is "0.5.0") 
-- Found assimp: /usr/include (found version "5.2.0") 
-- Found DART: /usr/include (Required is at least version "6.6") found components: dart 
-- Found Boost: /usr/lib/x86_64-linux-gnu/cmake/Boost-1.74.0/BoostConfig.cmake (found suitable version "1.74.0", minimum required is "1.40.0") found components: thread system filesystem program_options regex iostreams date_time 
-- Found Protobuf: /usr/lib/x86_64-linux-gnu/libprotobuf.so (found version "3.12.4") 
-- Looking for ignition-math6 -- found version 6.15.1
-- Searching for dependencies of ignition-math6
-- Looking for OGRE...
-- OGRE_PREFIX_WATCH changed.
-- Checking for module 'OGRE'
--   Found OGRE, version 1.9.0
-- Found Ogre Ghadamon (1.9.0)
-- Found OGRE: optimized;/usr/lib/x86_64-linux-gnu/libOgreMain.so;debug;/usr/lib/x86_64-linux-gnu/libOgreMain.so
-- Looking for OGRE_Paging...
-- Found OGRE_Paging: optimized;/usr/lib/x86_64-linux-gnu/libOgrePaging.so;debug;/usr/lib/x86_64-linux-gnu/libOgrePaging.so
-- Looking for OGRE_Terrain...
-- Found OGRE_Terrain: optimized;/usr/lib/x86_64-linux-gnu/libOgreTerrain.so;debug;/usr/lib/x86_64-linux-gnu/libOgreTerrain.so
-- Looking for OGRE_Property...
-- Found OGRE_Property: optimized;/usr/lib/x86_64-linux-gnu/libOgreProperty.so;debug;/usr/lib/x86_64-linux-gnu/libOgreProperty.so
-- Looking for OGRE_RTShaderSystem...
-- Found OGRE_RTShaderSystem: optimized;/usr/lib/x86_64-linux-gnu/libOgreRTShaderSystem.so;debug;/usr/lib/x86_64-linux-gnu/libOgreRTShaderSystem.so
-- Looking for OGRE_Volume...
-- Found OGRE_Volume: optimized;/usr/lib/x86_64-linux-gnu/libOgreVolume.so;debug;/usr/lib/x86_64-linux-gnu/libOgreVolume.so
-- Looking for OGRE_Overlay...
-- Found OGRE_Overlay: optimized;/usr/lib/x86_64-linux-gnu/libOgreOverlay.so;debug;/usr/lib/x86_64-linux-gnu/libOgreOverlay.so
-- Looking for ignition-math6 -- found version 6.15.1
-- Looking for ignition-transport8 -- found version 8.2.1
-- Searching for dependencies of ignition-transport8
-- Found Protobuf: /usr/lib/x86_64-linux-gnu/libprotobuf.so (found suitable version "3.12.4", minimum required is "3") 
-- Config-file not installed for ZeroMQ -- checking for pkg-config
-- Checking for module 'libzmq >= 4'
--   Found libzmq , version 4.3.4
-- Found ZeroMQ: TRUE (Required is at least version "4") 
-- Checking for module 'uuid'
--   Found uuid, version 2.37.2
-- Found UUID: TRUE  
-- Looking for ignition-msgs5 -- found version 5.8.1
-- Searching for dependencies of ignition-msgs5
-- Looking for ignition-math6 -- found version 6.15.1
-- Checking for module 'tinyxml2'
--   Found tinyxml2, version 9.0.0
-- Looking for ignition-msgs5 -- found version 5.8.1
-- Looking for ignition-common3 -- found version 3.14.0
-- Searching for dependencies of ignition-common3
-- Looking for dlfcn.h - found
-- Looking for libdl - found
-- Found DL: TRUE  
-- Found tinyobjloader: /usr/lib/x86_64-linux-gnu/cmake/tinyobjloader/tinyobjloader-config.cmake (found version "2.0.0") 
-- Searching for <ignition-common3> component [graphics]
-- Looking for ignition-common3-graphics -- found version 3.14.0
-- Searching for dependencies of ignition-common3-graphics
-- Looking for ignition-math6 -- found version 6.15.1
-- Looking for ignition-fuel_tools4 -- found version 4.4.0
-- Searching for dependencies of ignition-fuel_tools4
-- Found CURL: /usr/lib/x86_64-linux-gnu/libcurl.so (found version "7.81.0")  
-- Checking for module 'jsoncpp'
--   Found jsoncpp, version 1.9.5
-- Found JSONCPP: TRUE  
-- Checking for module 'libzip'
--   Found libzip, version 1.7.3
-- Found ZIP: TRUE  
-- Looking for ignition-common3 -- found version 3.14.0
-- Looking for ignition-math6 -- found version 6.15.1
-- Looking for ignition-msgs5 -- found version 5.8.1
-- Gazebo version: 11.10
-- Checking for module 'tbb'
--   Found tbb, version 2021.5.0
-- Found gazebo_ros: 3.9.0 (/opt/ros/humble/share/gazebo_ros/cmake)
-- Found rosidl_generator_c: 3.1.8 (/opt/ros/humble/share/rosidl_generator_c/cmake)
-- Found rosidl_adapter: 3.1.8 (/opt/ros/humble/share/rosidl_adapter/cmake)
-- Found rosidl_generator_cpp: 3.1.8 (/opt/ros/humble/share/rosidl_generator_cpp/cmake)
-- Using all available rosidl_typesupport_c: rosidl_typesupport_fastrtps_c;rosidl_typesupport_introspection_c
-- Using all available rosidl_typesupport_cpp: rosidl_typesupport_fastrtps_cpp;rosidl_typesupport_introspection_cpp
-- Found rmw_implementation_cmake: 6.1.2 (/opt/ros/humble/share/rmw_implementation_cmake/cmake)
-- Found rmw_fastrtps_cpp: 6.2.9 (/opt/ros/humble/share/rmw_fastrtps_cpp/cmake)
-- Found OpenSSL: /usr/lib/x86_64-linux-gnu/libcrypto.so (found version "3.0.2")  
-- Found FastRTPS: /opt/ros/humble/include  
-- Using RMW implementation 'rmw_fastrtps_cpp' as default
-- Found Threads: TRUE  
-- Found geometry_msgs: 4.9.0 (/opt/ros/humble/share/geometry_msgs/cmake)
-- Found gazebo_version_helpers: 0.0.0 (/home/hw/my_project/my_ws/install/gazebo_version_helpers/share/gazebo_version_helpers/cmake)
-- Found Protobuf: /usr/lib/x86_64-linux-gnu/libprotobuf.so (found version "3.12.4") 
-- Configuring done
-- Generating done
CMake Warning:
  Manually-specified variables were not used by the project:

    CATKIN_INSTALL_INTO_PREFIX_ROOT
    CATKIN_SYMLINK_INSTALL


-- Build files have been written to: /home/hw/my_project/my_ws/build/gazebo_grasp_plugin
[ 16%] Running cpp protocol buffer compiler on msgs/grasp_event.proto
[ 33%] Building CXX object CMakeFiles/gazebo_grasp_msgs.dir/grasp_event.pb.cc.o
[ 50%] Linking CXX shared library libgazebo_grasp_msgs.so
Moving protobuf headers to msgs directory
[ 50%] Built target gazebo_grasp_msgs
[ 83%] Building CXX object CMakeFiles/gazebo_grasp_fix.dir/src/GazeboGraspFix.cpp.o
[ 83%] Building CXX object CMakeFiles/gazebo_grasp_fix.dir/src/GazeboGraspGripper.cpp.o
In file included from /usr/include/boost/bind.hpp:30,
                 from /home/hw/my_project/my_ws/src/sim_models/gazebo_grasp_plugin/src/GazeboGraspGripper.cpp:1:
/usr/include/boost/bind.hpp:36:1: note: ‘#pragma message: The practice of declaring the Bind placeholders (_1, _2, ...) in the global namespace is deprecated. Please use <boost/bind/bind.hpp> + using namespace boost::placeholders, or define BOOST_BIND_GLOBAL_PLACEHOLDERS to retain the current behavior.’
   36 | BOOST_PRAGMA_MESSAGE(
      | ^~~~~~~~~~~~~~~~~~~~
In file included from /usr/include/boost/bind.hpp:30,
                 from /home/hw/my_project/my_ws/src/sim_models/gazebo_grasp_plugin/src/GazeboGraspFix.cpp:1:
/usr/include/boost/bind.hpp:36:1: note: ‘#pragma message: The practice of declaring the Bind placeholders (_1, _2, ...) in the global namespace is deprecated. Please use <boost/bind/bind.hpp> + using namespace boost::placeholders, or define BOOST_BIND_GLOBAL_PLACEHOLDERS to retain the current behavior.’
   36 | BOOST_PRAGMA_MESSAGE(
      | ^~~~~~~~~~~~~~~~~~~~
/home/hw/my_project/my_ws/src/sim_models/gazebo_grasp_plugin/src/GazeboGraspFix.cpp: In member function ‘void gazebo::GazeboGraspFix::OnUpdate()’:
/home/hw/my_project/my_ws/src/sim_models/gazebo_grasp_plugin/src/GazeboGraspFix.cpp:665:39: warning: implicitly-declared ‘gazebo::GazeboGraspFix::CollidingPoint& gazebo::GazeboGraspFix::CollidingPoint::operator=(const gazebo::GazeboGraspFix::CollidingPoint&)’ is deprecated [-Wdeprecated-copy]
  665 |         attGripConts[collidingLink] = collidingPoint;
      |                                       ^~~~~~~~~~~~~~
/home/hw/my_project/my_ws/src/sim_models/gazebo_grasp_plugin/src/GazeboGraspFix.cpp:399:5: note: because ‘gazebo::GazeboGraspFix::CollidingPoint’ has user-provided ‘gazebo::GazeboGraspFix::CollidingPoint::CollidingPoint(const gazebo::GazeboGraspFix::CollidingPoint&)’
  399 |     CollidingPoint(const CollidingPoint &o):
      |     ^~~~~~~~~~~~~~
/home/hw/my_project/my_ws/src/sim_models/gazebo_grasp_plugin/src/GazeboGraspFix.cpp: In member function ‘void gazebo::GazeboGraspFix::OnContact(ConstContactsPtr&)’:
/home/hw/my_project/my_ws/src/sim_models/gazebo_grasp_plugin/src/GazeboGraspFix.cpp:908:25: warning: comparison of integer expressions of different signedness: ‘int’ and ‘std::vector<ignition::math::v6::Vector3<double> >::size_type’ {aka ‘long unsigned int’} [-Wsign-compare]
  908 |       for (int k = 0; k < force.size(); ++k)
      |                       ~~^~~~~~~~~~~~~~
[100%] Linking CXX shared library libgazebo_grasp_fix.so
[100%] Built target gazebo_grasp_fix
-- Install configuration: ""
-- Installing: /home/hw/my_project/my_ws/install/gazebo_grasp_plugin/lib/libgazebo_grasp_fix.so
-- Set runtime path of "/home/hw/my_project/my_ws/install/gazebo_grasp_plugin/lib/libgazebo_grasp_fix.so" to ""
-- Installing: /home/hw/my_project/my_ws/install/gazebo_grasp_plugin/lib/libgazebo_grasp_msgs.so
-- Installing: /home/hw/my_project/my_ws/install/gazebo_grasp_plugin/include
-- Installing: /home/hw/my_project/my_ws/install/gazebo_grasp_plugin/include/gazebo_grasp_plugin
-- Installing: /home/hw/my_project/my_ws/install/gazebo_grasp_plugin/include/gazebo_grasp_plugin/GazeboGraspGripper.h
-- Installing: /home/hw/my_project/my_ws/install/gazebo_grasp_plugin/include/gazebo_grasp_plugin/GazeboGraspFix.h
-- Up-to-date: /home/hw/my_project/my_ws/install/gazebo_grasp_plugin/include/gazebo_grasp_plugin
-- Installing: /home/hw/my_project/my_ws/install/gazebo_grasp_plugin/include/gazebo_grasp_plugin/ament_cmake_index
-- Installing: /home/hw/my_project/my_ws/install/gazebo_grasp_plugin/include/gazebo_grasp_plugin/ament_cmake_index/share
-- Installing: /home/hw/my_project/my_ws/install/gazebo_grasp_plugin/include/gazebo_grasp_plugin/ament_cmake_index/share/ament_index
-- Installing: /home/hw/my_project/my_ws/install/gazebo_grasp_plugin/include/gazebo_grasp_plugin/ament_cmake_index/share/ament_index/resource_index
-- Installing: /home/hw/my_project/my_ws/install/gazebo_grasp_plugin/include/gazebo_grasp_plugin/ament_cmake_index/share/ament_index/resource_index/package_run_dependencies
-- Installing: /home/hw/my_project/my_ws/install/gazebo_grasp_plugin/include/gazebo_grasp_plugin/ament_cmake_index/share/ament_index/resource_index/packages
-- Installing: /home/hw/my_project/my_ws/install/gazebo_grasp_plugin/include/gazebo_grasp_plugin/ament_cmake_index/share/ament_index/resource_index/parent_prefix_path
-- Installing: /home/hw/my_project/my_ws/install/gazebo_grasp_plugin/include/gazebo_grasp_plugin/ament_cmake_environment_hooks
-- Installing: /home/hw/my_project/my_ws/install/gazebo_grasp_plugin/include/gazebo_grasp_plugin/.cmake
-- Installing: /home/hw/my_project/my_ws/install/gazebo_grasp_plugin/include/gazebo_grasp_plugin/.cmake/api
-- Installing: /home/hw/my_project/my_ws/install/gazebo_grasp_plugin/include/gazebo_grasp_plugin/.cmake/api/v1
-- Installing: /home/hw/my_project/my_ws/install/gazebo_grasp_plugin/include/gazebo_grasp_plugin/.cmake/api/v1/query
-- Installing: /home/hw/my_project/my_ws/install/gazebo_grasp_plugin/include/gazebo_grasp_plugin/.cmake/api/v1/query/client-colcon-cmake
-- Installing: /home/hw/my_project/my_ws/install/gazebo_grasp_plugin/include/gazebo_grasp_plugin/.cmake/api/v1/reply
-- Installing: /home/hw/my_project/my_ws/install/gazebo_grasp_plugin/include/gazebo_grasp_plugin/ament_cmake_export_include_directories
-- Installing: /home/hw/my_project/my_ws/install/gazebo_grasp_plugin/include/gazebo_grasp_plugin/msgs
-- Installing: /home/hw/my_project/my_ws/install/gazebo_grasp_plugin/include/gazebo_grasp_plugin/msgs/grasp_event.pb.h
-- Installing: /home/hw/my_project/my_ws/install/gazebo_grasp_plugin/include/gazebo_grasp_plugin/grasp_event.pb.h
-- Installing: /home/hw/my_project/my_ws/install/gazebo_grasp_plugin/include/gazebo_grasp_plugin/CMakeFiles
-- Installing: /home/hw/my_project/my_ws/install/gazebo_grasp_plugin/include/gazebo_grasp_plugin/CMakeFiles/CMakeTmp
-- Installing: /home/hw/my_project/my_ws/install/gazebo_grasp_plugin/include/gazebo_grasp_plugin/CMakeFiles/gazebo_grasp_fix.dir
-- Installing: /home/hw/my_project/my_ws/install/gazebo_grasp_plugin/include/gazebo_grasp_plugin/CMakeFiles/gazebo_grasp_fix.dir/src
-- Installing: /home/hw/my_project/my_ws/install/gazebo_grasp_plugin/include/gazebo_grasp_plugin/CMakeFiles/gazebo_grasp_plugin_uninstall.dir
-- Installing: /home/hw/my_project/my_ws/install/gazebo_grasp_plugin/include/gazebo_grasp_plugin/CMakeFiles/3.22.1
-- Installing: /home/hw/my_project/my_ws/install/gazebo_grasp_plugin/include/gazebo_grasp_plugin/CMakeFiles/3.22.1/CompilerIdCXX
-- Installing: /home/hw/my_project/my_ws/install/gazebo_grasp_plugin/include/gazebo_grasp_plugin/CMakeFiles/3.22.1/CompilerIdCXX/tmp
-- Installing: /home/hw/my_project/my_ws/install/gazebo_grasp_plugin/include/gazebo_grasp_plugin/CMakeFiles/3.22.1/CompilerIdC
-- Installing: /home/hw/my_project/my_ws/install/gazebo_grasp_plugin/include/gazebo_grasp_plugin/CMakeFiles/3.22.1/CompilerIdC/tmp
-- Installing: /home/hw/my_project/my_ws/install/gazebo_grasp_plugin/include/gazebo_grasp_plugin/CMakeFiles/uninstall.dir
-- Installing: /home/hw/my_project/my_ws/install/gazebo_grasp_plugin/include/gazebo_grasp_plugin/CMakeFiles/gazebo_grasp_msgs.dir
-- Installing: /home/hw/my_project/my_ws/install/gazebo_grasp_plugin/include/gazebo_grasp_plugin/ament_cmake_export_dependencies
-- Installing: /home/hw/my_project/my_ws/install/gazebo_grasp_plugin/include/gazebo_grasp_plugin/ament_cmake_export_libraries
-- Installing: /home/hw/my_project/my_ws/install/gazebo_grasp_plugin/include/gazebo_grasp_plugin/ament_cmake_uninstall_target
-- Installing: /home/hw/my_project/my_ws/install/gazebo_grasp_plugin/include/gazebo_grasp_plugin/ament_cmake_package_templates
-- Installing: /home/hw/my_project/my_ws/install/gazebo_grasp_plugin/include/gazebo_grasp_plugin/ament_cmake_core
-- Installing: /home/hw/my_project/my_ws/install/gazebo_grasp_plugin/include/gazebo_grasp_plugin/ament_cmake_core/stamps
-- Installing: /home/hw/my_project/my_ws/install/gazebo_grasp_plugin/share/gazebo_grasp_plugin/environment/library_path.sh
-- Installing: /home/hw/my_project/my_ws/install/gazebo_grasp_plugin/share/gazebo_grasp_plugin/environment/library_path.dsv
-- Installing: /home/hw/my_project/my_ws/install/gazebo_grasp_plugin/share/ament_index/resource_index/package_run_dependencies/gazebo_grasp_plugin
-- Installing: /home/hw/my_project/my_ws/install/gazebo_grasp_plugin/share/ament_index/resource_index/parent_prefix_path/gazebo_grasp_plugin
-- Installing: /home/hw/my_project/my_ws/install/gazebo_grasp_plugin/share/gazebo_grasp_plugin/environment/ament_prefix_path.sh
-- Installing: /home/hw/my_project/my_ws/install/gazebo_grasp_plugin/share/gazebo_grasp_plugin/environment/ament_prefix_path.dsv
-- Installing: /home/hw/my_project/my_ws/install/gazebo_grasp_plugin/share/gazebo_grasp_plugin/environment/path.sh
-- Installing: /home/hw/my_project/my_ws/install/gazebo_grasp_plugin/share/gazebo_grasp_plugin/environment/path.dsv
-- Installing: /home/hw/my_project/my_ws/install/gazebo_grasp_plugin/share/gazebo_grasp_plugin/local_setup.bash
-- Installing: /home/hw/my_project/my_ws/install/gazebo_grasp_plugin/share/gazebo_grasp_plugin/local_setup.sh
-- Installing: /home/hw/my_project/my_ws/install/gazebo_grasp_plugin/share/gazebo_grasp_plugin/local_setup.zsh
-- Installing: /home/hw/my_project/my_ws/install/gazebo_grasp_plugin/share/gazebo_grasp_plugin/local_setup.dsv
-- Installing: /home/hw/my_project/my_ws/install/gazebo_grasp_plugin/share/gazebo_grasp_plugin/package.dsv
-- Installing: /home/hw/my_project/my_ws/install/gazebo_grasp_plugin/share/ament_index/resource_index/packages/gazebo_grasp_plugin
-- Installing: /home/hw/my_project/my_ws/install/gazebo_grasp_plugin/share/gazebo_grasp_plugin/cmake/ament_cmake_export_include_directories-extras.cmake
-- Installing: /home/hw/my_project/my_ws/install/gazebo_grasp_plugin/share/gazebo_grasp_plugin/cmake/ament_cmake_export_libraries-extras.cmake
-- Installing: /home/hw/my_project/my_ws/install/gazebo_grasp_plugin/share/gazebo_grasp_plugin/cmake/ament_cmake_export_dependencies-extras.cmake
-- Installing: /home/hw/my_project/my_ws/install/gazebo_grasp_plugin/share/gazebo_grasp_plugin/cmake/gazebo_grasp_pluginConfig.cmake
-- Installing: /home/hw/my_project/my_ws/install/gazebo_grasp_plugin/share/gazebo_grasp_plugin/cmake/gazebo_grasp_pluginConfig-version.cmake
-- Installing: /home/hw/my_project/my_ws/install/gazebo_grasp_plugin/share/gazebo_grasp_plugin/package.xml
