[0.024s] Invoking command in '/home/hw/my_project/my_ws/build/ur5e_gripper_control': AMENT_PREFIX_PATH=/home/hw/my_project/my_ws/install/ur5e_gripper_moveit_config:/home/hw/my_project/my_ws/install/realsense2_description:/home/hw/my_project/my_ws/install/ur5e_gripper_description:/home/hw/my_project/my_ws/install/robotiq_moveit_config:/home/hw/my_project/my_ws/install/robotiq_description:/home/hw/my_project/my_ws/install/realsense2_camera_msgs:${AMENT_PREFIX_PATH} CMAKE_PREFIX_PATH=/home/hw/my_project/my_ws/install/ur5e_gripper_moveit_config:/home/hw/my_project/my_ws/install/realsense2_description:/home/hw/my_project/my_ws/install/ur5e_gripper_description:/home/hw/my_project/my_ws/install/robotiq_moveit_config:/home/hw/my_project/my_ws/install/robotiq_description:/opt/ros/humble:/home/hw/my_project/my_ws/install/realsense_gazebo_plugin:/home/hw/my_project/my_ws/install/realsense2_camera_msgs LD_LIBRARY_PATH=/home/hw/my_project/my_ws/install/realsense_gazebo_plugin/lib:/home/hw/my_project/my_ws/install/realsense2_camera_msgs/lib:${LD_LIBRARY_PATH} PKG_CONFIG_PATH=/home/hw/my_project/my_ws/install/realsense_gazebo_plugin/lib/x86_64-linux-gnu/pkgconfig:/home/hw/my_project/my_ws/install/realsense_gazebo_plugin/lib/pkgconfig PYTHONPATH=/home/hw/my_project/my_ws/install/realsense2_camera_msgs/local/lib/python3.10/dist-packages:${PYTHONPATH} ROS_PACKAGE_PATH=/home/hw/my_project/my_ws/install/realsense_gazebo_plugin/share /usr/bin/cmake /home/hw/my_project/my_ws/src/ur5e_gripper_control -DAMENT_CMAKE_SYMLINK_INSTALL=1 -DCMAKE_INSTALL_PREFIX=/home/hw/my_project/my_ws/install/ur5e_gripper_control
[0.102s] -- The C compiler identification is GNU 11.4.0
[0.174s] -- The CXX compiler identification is GNU 11.4.0
[0.185s] -- Detecting C compiler ABI info
[0.291s] -- Detecting C compiler ABI info - done
[0.297s] -- Check for working C compiler: /usr/bin/cc - skipped
[0.297s] -- Detecting C compile features
[0.297s] -- Detecting C compile features - done
[0.300s] -- Detecting CXX compiler ABI info
[0.414s] -- Detecting CXX compiler ABI info - done
[0.421s] -- Check for working CXX compiler: /usr/bin/c++ - skipped
[0.421s] -- Detecting CXX compile features
[0.422s] -- Detecting CXX compile features - done
[0.426s] -- Found ament_cmake: 1.3.12 (/opt/ros/humble/share/ament_cmake/cmake)
[0.577s] -- Found Python3: /usr/bin/python3 (found version "3.10.12") found components: Interpreter 
[0.636s] -- Override CMake install command with custom implementation using symlinks instead of copying resources
[0.678s] -- Found rclcpp: 16.0.17 (/opt/ros/humble/share/rclcpp/cmake)
[0.732s] -- Found rosidl_generator_c: 3.1.8 (/opt/ros/humble/share/rosidl_generator_c/cmake)
[0.738s] -- Found rosidl_adapter: 3.1.8 (/opt/ros/humble/share/rosidl_adapter/cmake)
[0.749s] -- Found rosidl_generator_cpp: 3.1.8 (/opt/ros/humble/share/rosidl_generator_cpp/cmake)
[0.763s] -- Using all available rosidl_typesupport_c: rosidl_typesupport_fastrtps_c;rosidl_typesupport_introspection_c
[0.779s] -- Using all available rosidl_typesupport_cpp: rosidl_typesupport_fastrtps_cpp;rosidl_typesupport_introspection_cpp
[0.825s] -- Found rmw_implementation_cmake: 6.1.2 (/opt/ros/humble/share/rmw_implementation_cmake/cmake)
[0.828s] -- Found rmw_fastrtps_cpp: 6.2.9 (/opt/ros/humble/share/rmw_fastrtps_cpp/cmake)
[0.956s] -- Found OpenSSL: /usr/lib/x86_64-linux-gnu/libcrypto.so (found version "3.0.2")  
[0.992s] -- Found FastRTPS: /opt/ros/humble/include  
[1.046s] -- Using RMW implementation 'rmw_fastrtps_cpp' as default
[1.058s] -- Looking for pthread.h
[1.162s] -- Looking for pthread.h - found
[1.163s] -- Performing Test CMAKE_HAVE_LIBC_PTHREAD
[1.271s] -- Performing Test CMAKE_HAVE_LIBC_PTHREAD - Success
[1.272s] -- Found Threads: TRUE  
[1.324s] -- Found moveit_common: 2.5.9 (/opt/ros/humble/share/moveit_common/cmake)
[1.329s] -- Found moveit_core: 2.5.9 (/opt/ros/humble/share/moveit_core/cmake)
[1.385s] -- Found Boost: /usr/lib/x86_64-linux-gnu/cmake/Boost-1.74.0/BoostConfig.cmake (found version "1.74.0") found components: chrono date_time filesystem iostreams program_options regex serialization system thread 
[1.467s] -- Found parameter_traits: 0.6.0 (/opt/ros/humble/share/parameter_traits/cmake)
[1.492s] -- Found rclcpp_lifecycle: 16.0.17 (/opt/ros/humble/share/rclcpp_lifecycle/cmake)
[1.548s] -- Found Boost: /usr/lib/x86_64-linux-gnu/cmake/Boost-1.74.0/BoostConfig.cmake (found version "1.74.0") found components: filesystem 
[1.723s] -- library: /usr/lib/x86_64-linux-gnu/libcurl.so
[1.826s] -- Found Eigen3: TRUE (found version "3.4.0") 
[1.826s] -- Ensuring Eigen3 include directory is part of orocos-kdl CMake target
[2.246s] -- Found moveit_ros_planning_interface: 2.5.9 (/opt/ros/humble/share/moveit_ros_planning_interface/cmake)
[2.251s] -- Found Boost: /usr/lib/x86_64-linux-gnu/cmake/Boost-1.74.0/BoostConfig.cmake (found version "1.74.0") found components: date_time filesystem program_options system thread 
[2.271s] -- Found Boost: /usr/lib/x86_64-linux-gnu/cmake/Boost-1.74.0/BoostConfig.cmake (found version "1.74.0") found components: system filesystem date_time program_options thread chrono 
[2.310s] -- Found Boost: /usr/lib/x86_64-linux-gnu/cmake/Boost-1.74.0/BoostConfig.cmake (found version "1.74.0") found components: thread system filesystem regex date_time program_options 
[2.342s] -- Found Boost: /usr/lib/x86_64-linux-gnu/cmake/Boost-1.74.0/BoostConfig.cmake (found version "1.74.0") found components: system filesystem date_time program_options thread 
[2.394s] -- Found moveit_visual_tools: 4.1.2 (/opt/ros/humble/share/moveit_visual_tools/cmake)
[2.537s] -- Setting assimp_DIR to: '/opt/ros/humble/share/rviz_assimp_vendor/cmake/../../../opt/rviz_assimp_vendor/lib/cmake/assimp-4.1'
[2.557s] -- Setting OGRE_DIR to: '/opt/ros/humble/share/rviz_ogre_vendor/cmake/../../../opt/rviz_ogre_vendor/lib/OGRE/cmake'
[2.563s] -- Found OGRE
[2.563s] --   static     : OFF
[2.563s] --   components : HLMS;MeshLodGenerator;Overlay;Paging;Property;RTShaderSystem;Terrain;Volume
[2.564s] --   plugins    : Plugin_BSPSceneManager;Plugin_OctreeSceneManager;Plugin_PCZSceneManager;Plugin_ParticleFX;RenderSystem_GL;RenderSystem_GL3Plus;Codec_STBI
[2.564s] --   media      : /opt/ros/humble/opt/rviz_ogre_vendor/share/OGRE/Media
[2.564s] -- OGRE_LIBRARIES: OgreHLMS;OgreMeshLodGenerator;OgreOverlay;OgrePaging;OgreProperty;OgreRTShaderSystem;OgreTerrain;OgreVolume;OgreMain
[2.564s] -- OGRE_LIBRARY_DIRS: /opt/ros/humble/opt/rviz_ogre_vendor/lib
[2.564s] -- OGRE_PLUGINS: Plugin_BSPSceneManager;Plugin_OctreeSceneManager;Plugin_PCZSceneManager;Plugin_ParticleFX;RenderSystem_GL;RenderSystem_GL3Plus;Codec_STBI
[2.564s] -- OGRE_PLUGIN_DIR: /opt/ros/humble/opt/rviz_ogre_vendor/lib/OGRE
[2.564s] -- rviz_ogre_vendor::OgreOverlay for IMPORTED_LOCATION_RELEASE: /opt/ros/humble/opt/rviz_ogre_vendor/lib/libOgreOverlay.so
[2.564s] -- rviz_ogre_vendor::OgreOverlay for IMPORTED_LOCATION_DEBUG: /opt/ros/humble/opt/rviz_ogre_vendor/lib/libOgreOverlay.so
[2.564s] -- rviz_ogre_vendor::OgreMain for IMPORTED_LOCATION_RELEASE: /opt/ros/humble/opt/rviz_ogre_vendor/lib/libOgreMain.so
[2.564s] -- rviz_ogre_vendor::OgreMain for IMPORTED_LOCATION_DEBUG: /opt/ros/humble/opt/rviz_ogre_vendor/lib/libOgreMain.so
[2.594s] -- Found ZLIB: /usr/lib/x86_64-linux-gnu/libz.so (found version "1.2.11") 
[2.601s] -- Found OpenGL: /usr/lib/x86_64-linux-gnu/libOpenGL.so   
[2.755s] -- Found X11: /usr/include   
[2.756s] -- Looking for XOpenDisplay in /usr/lib/x86_64-linux-gnu/libX11.so;/usr/lib/x86_64-linux-gnu/libXext.so
[2.864s] -- Looking for XOpenDisplay in /usr/lib/x86_64-linux-gnu/libX11.so;/usr/lib/x86_64-linux-gnu/libXext.so - found
[2.864s] -- Looking for gethostbyname
[2.963s] -- Looking for gethostbyname - found
[2.963s] -- Looking for connect
[3.064s] -- Looking for connect - found
[3.065s] -- Looking for remove
[3.165s] -- Looking for remove - found
[3.165s] -- Looking for shmat
[3.266s] -- Looking for shmat - found
[3.266s] -- Looking for IceConnectionNumber in ICE
[3.366s] -- Looking for IceConnectionNumber in ICE - found
[3.513s] -- Found control_msgs: 4.8.0 (/opt/ros/humble/share/control_msgs/cmake)
[3.551s] -- Found ament_lint_auto: 0.12.14 (/opt/ros/humble/share/ament_lint_auto/cmake)
[3.640s] -- Added test 'cppcheck' to perform static code analysis on C / C++ code
[3.640s] -- Configured cppcheck include dirs: /home/hw/my_project/my_ws/src/ur5e_gripper_control/include
[3.640s] -- Configured cppcheck exclude dirs and/or files: 
[3.641s] -- Added test 'flake8' to check Python code syntax and style conventions
[3.641s] -- Added test 'lint_cmake' to check CMake code style
[3.642s] -- Added test 'pep257' to check Python code against some of the docstring style conventions in PEP 257
[3.644s] -- Added test 'uncrustify' to check C / C++ code style
[3.644s] -- Configured uncrustify additional arguments: 
[3.644s] -- Added test 'xmllint' to check XML markup files
[3.647s] -- Configuring done
[3.700s] -- Generating done
[3.708s] -- Build files have been written to: /home/hw/my_project/my_ws/build/ur5e_gripper_control
[3.728s] Invoked command in '/home/hw/my_project/my_ws/build/ur5e_gripper_control' returned '0': AMENT_PREFIX_PATH=/home/hw/my_project/my_ws/install/ur5e_gripper_moveit_config:/home/hw/my_project/my_ws/install/realsense2_description:/home/hw/my_project/my_ws/install/ur5e_gripper_description:/home/hw/my_project/my_ws/install/robotiq_moveit_config:/home/hw/my_project/my_ws/install/robotiq_description:/home/hw/my_project/my_ws/install/realsense2_camera_msgs:${AMENT_PREFIX_PATH} CMAKE_PREFIX_PATH=/home/hw/my_project/my_ws/install/ur5e_gripper_moveit_config:/home/hw/my_project/my_ws/install/realsense2_description:/home/hw/my_project/my_ws/install/ur5e_gripper_description:/home/hw/my_project/my_ws/install/robotiq_moveit_config:/home/hw/my_project/my_ws/install/robotiq_description:/opt/ros/humble:/home/hw/my_project/my_ws/install/realsense_gazebo_plugin:/home/hw/my_project/my_ws/install/realsense2_camera_msgs LD_LIBRARY_PATH=/home/hw/my_project/my_ws/install/realsense_gazebo_plugin/lib:/home/hw/my_project/my_ws/install/realsense2_camera_msgs/lib:${LD_LIBRARY_PATH} PKG_CONFIG_PATH=/home/hw/my_project/my_ws/install/realsense_gazebo_plugin/lib/x86_64-linux-gnu/pkgconfig:/home/hw/my_project/my_ws/install/realsense_gazebo_plugin/lib/pkgconfig PYTHONPATH=/home/hw/my_project/my_ws/install/realsense2_camera_msgs/local/lib/python3.10/dist-packages:${PYTHONPATH} ROS_PACKAGE_PATH=/home/hw/my_project/my_ws/install/realsense_gazebo_plugin/share /usr/bin/cmake /home/hw/my_project/my_ws/src/ur5e_gripper_control -DAMENT_CMAKE_SYMLINK_INSTALL=1 -DCMAKE_INSTALL_PREFIX=/home/hw/my_project/my_ws/install/ur5e_gripper_control
[3.728s] Invoking command in '/home/hw/my_project/my_ws/build/ur5e_gripper_control': AMENT_PREFIX_PATH=/home/hw/my_project/my_ws/install/ur5e_gripper_moveit_config:/home/hw/my_project/my_ws/install/realsense2_description:/home/hw/my_project/my_ws/install/ur5e_gripper_description:/home/hw/my_project/my_ws/install/robotiq_moveit_config:/home/hw/my_project/my_ws/install/robotiq_description:/home/hw/my_project/my_ws/install/realsense2_camera_msgs:${AMENT_PREFIX_PATH} CMAKE_PREFIX_PATH=/home/hw/my_project/my_ws/install/ur5e_gripper_moveit_config:/home/hw/my_project/my_ws/install/realsense2_description:/home/hw/my_project/my_ws/install/ur5e_gripper_description:/home/hw/my_project/my_ws/install/robotiq_moveit_config:/home/hw/my_project/my_ws/install/robotiq_description:/opt/ros/humble:/home/hw/my_project/my_ws/install/realsense_gazebo_plugin:/home/hw/my_project/my_ws/install/realsense2_camera_msgs LD_LIBRARY_PATH=/home/hw/my_project/my_ws/install/realsense_gazebo_plugin/lib:/home/hw/my_project/my_ws/install/realsense2_camera_msgs/lib:${LD_LIBRARY_PATH} PKG_CONFIG_PATH=/home/hw/my_project/my_ws/install/realsense_gazebo_plugin/lib/x86_64-linux-gnu/pkgconfig:/home/hw/my_project/my_ws/install/realsense_gazebo_plugin/lib/pkgconfig PYTHONPATH=/home/hw/my_project/my_ws/install/realsense2_camera_msgs/local/lib/python3.10/dist-packages:${PYTHONPATH} ROS_PACKAGE_PATH=/home/hw/my_project/my_ws/install/realsense_gazebo_plugin/share /usr/bin/cmake --build /home/hw/my_project/my_ws/build/ur5e_gripper_control -- -j16 -l16
[3.815s] [ 33%] Building CXX object CMakeFiles/demo.dir/src/ur5e_gripper.cpp.o
[3.815s] [ 66%] Building CXX object CMakeFiles/demo.dir/src/demo.cpp.o
[20.812s] [100%] Linking CXX executable demo
[22.236s] [100%] Built target demo
[22.367s] Invoked command in '/home/hw/my_project/my_ws/build/ur5e_gripper_control' returned '0': AMENT_PREFIX_PATH=/home/hw/my_project/my_ws/install/ur5e_gripper_moveit_config:/home/hw/my_project/my_ws/install/realsense2_description:/home/hw/my_project/my_ws/install/ur5e_gripper_description:/home/hw/my_project/my_ws/install/robotiq_moveit_config:/home/hw/my_project/my_ws/install/robotiq_description:/home/hw/my_project/my_ws/install/realsense2_camera_msgs:${AMENT_PREFIX_PATH} CMAKE_PREFIX_PATH=/home/hw/my_project/my_ws/install/ur5e_gripper_moveit_config:/home/hw/my_project/my_ws/install/realsense2_description:/home/hw/my_project/my_ws/install/ur5e_gripper_description:/home/hw/my_project/my_ws/install/robotiq_moveit_config:/home/hw/my_project/my_ws/install/robotiq_description:/opt/ros/humble:/home/hw/my_project/my_ws/install/realsense_gazebo_plugin:/home/hw/my_project/my_ws/install/realsense2_camera_msgs LD_LIBRARY_PATH=/home/hw/my_project/my_ws/install/realsense_gazebo_plugin/lib:/home/hw/my_project/my_ws/install/realsense2_camera_msgs/lib:${LD_LIBRARY_PATH} PKG_CONFIG_PATH=/home/hw/my_project/my_ws/install/realsense_gazebo_plugin/lib/x86_64-linux-gnu/pkgconfig:/home/hw/my_project/my_ws/install/realsense_gazebo_plugin/lib/pkgconfig PYTHONPATH=/home/hw/my_project/my_ws/install/realsense2_camera_msgs/local/lib/python3.10/dist-packages:${PYTHONPATH} ROS_PACKAGE_PATH=/home/hw/my_project/my_ws/install/realsense_gazebo_plugin/share /usr/bin/cmake --build /home/hw/my_project/my_ws/build/ur5e_gripper_control -- -j16 -l16
[22.370s] Invoking command in '/home/hw/my_project/my_ws/build/ur5e_gripper_control': AMENT_PREFIX_PATH=/home/hw/my_project/my_ws/install/ur5e_gripper_moveit_config:/home/hw/my_project/my_ws/install/realsense2_description:/home/hw/my_project/my_ws/install/ur5e_gripper_description:/home/hw/my_project/my_ws/install/robotiq_moveit_config:/home/hw/my_project/my_ws/install/robotiq_description:/home/hw/my_project/my_ws/install/realsense2_camera_msgs:${AMENT_PREFIX_PATH} CMAKE_PREFIX_PATH=/home/hw/my_project/my_ws/install/ur5e_gripper_moveit_config:/home/hw/my_project/my_ws/install/realsense2_description:/home/hw/my_project/my_ws/install/ur5e_gripper_description:/home/hw/my_project/my_ws/install/robotiq_moveit_config:/home/hw/my_project/my_ws/install/robotiq_description:/opt/ros/humble:/home/hw/my_project/my_ws/install/realsense_gazebo_plugin:/home/hw/my_project/my_ws/install/realsense2_camera_msgs LD_LIBRARY_PATH=/home/hw/my_project/my_ws/install/realsense_gazebo_plugin/lib:/home/hw/my_project/my_ws/install/realsense2_camera_msgs/lib:${LD_LIBRARY_PATH} PKG_CONFIG_PATH=/home/hw/my_project/my_ws/install/realsense_gazebo_plugin/lib/x86_64-linux-gnu/pkgconfig:/home/hw/my_project/my_ws/install/realsense_gazebo_plugin/lib/pkgconfig PYTHONPATH=/home/hw/my_project/my_ws/install/realsense2_camera_msgs/local/lib/python3.10/dist-packages:${PYTHONPATH} ROS_PACKAGE_PATH=/home/hw/my_project/my_ws/install/realsense_gazebo_plugin/share /usr/bin/cmake --install /home/hw/my_project/my_ws/build/ur5e_gripper_control
[22.380s] -- Install configuration: ""
[22.380s] -- Execute custom install script
[22.381s] -- Symlinking: /home/hw/my_project/my_ws/install/ur5e_gripper_control/lib/ur5e_gripper_control/demo
[22.395s] -- Symlinking: /home/hw/my_project/my_ws/install/ur5e_gripper_control/share/ur5e_gripper_control/launch/demo.launch.py
[22.405s] -- Symlinking: /home/hw/my_project/my_ws/install/ur5e_gripper_control/share/ur5e_gripper_control/config/target_pose_list.yaml
[22.416s] -- Symlinking: /home/hw/my_project/my_ws/install/ur5e_gripper_control/share/ament_index/resource_index/package_run_dependencies/ur5e_gripper_control
[22.428s] -- Symlinking: /home/hw/my_project/my_ws/install/ur5e_gripper_control/share/ament_index/resource_index/parent_prefix_path/ur5e_gripper_control
[22.441s] -- Symlinking: /home/hw/my_project/my_ws/install/ur5e_gripper_control/share/ur5e_gripper_control/environment/ament_prefix_path.sh
[22.454s] -- Symlinking: /home/hw/my_project/my_ws/install/ur5e_gripper_control/share/ur5e_gripper_control/environment/ament_prefix_path.dsv
[22.466s] -- Symlinking: /home/hw/my_project/my_ws/install/ur5e_gripper_control/share/ur5e_gripper_control/environment/path.sh
[22.478s] -- Symlinking: /home/hw/my_project/my_ws/install/ur5e_gripper_control/share/ur5e_gripper_control/environment/path.dsv
[22.491s] -- Symlinking: /home/hw/my_project/my_ws/install/ur5e_gripper_control/share/ur5e_gripper_control/local_setup.bash
[22.502s] -- Symlinking: /home/hw/my_project/my_ws/install/ur5e_gripper_control/share/ur5e_gripper_control/local_setup.sh
[22.514s] -- Symlinking: /home/hw/my_project/my_ws/install/ur5e_gripper_control/share/ur5e_gripper_control/local_setup.zsh
[22.525s] -- Symlinking: /home/hw/my_project/my_ws/install/ur5e_gripper_control/share/ur5e_gripper_control/local_setup.dsv
[22.536s] -- Symlinking: /home/hw/my_project/my_ws/install/ur5e_gripper_control/share/ur5e_gripper_control/package.dsv
[22.549s] -- Symlinking: /home/hw/my_project/my_ws/install/ur5e_gripper_control/share/ament_index/resource_index/packages/ur5e_gripper_control
[22.561s] -- Symlinking: /home/hw/my_project/my_ws/install/ur5e_gripper_control/share/ur5e_gripper_control/cmake/ur5e_gripper_controlConfig.cmake
[22.574s] -- Symlinking: /home/hw/my_project/my_ws/install/ur5e_gripper_control/share/ur5e_gripper_control/cmake/ur5e_gripper_controlConfig-version.cmake
[22.588s] -- Symlinking: /home/hw/my_project/my_ws/install/ur5e_gripper_control/share/ur5e_gripper_control/package.xml
[22.634s] Invoked command in '/home/hw/my_project/my_ws/build/ur5e_gripper_control' returned '0': AMENT_PREFIX_PATH=/home/hw/my_project/my_ws/install/ur5e_gripper_moveit_config:/home/hw/my_project/my_ws/install/realsense2_description:/home/hw/my_project/my_ws/install/ur5e_gripper_description:/home/hw/my_project/my_ws/install/robotiq_moveit_config:/home/hw/my_project/my_ws/install/robotiq_description:/home/hw/my_project/my_ws/install/realsense2_camera_msgs:${AMENT_PREFIX_PATH} CMAKE_PREFIX_PATH=/home/hw/my_project/my_ws/install/ur5e_gripper_moveit_config:/home/hw/my_project/my_ws/install/realsense2_description:/home/hw/my_project/my_ws/install/ur5e_gripper_description:/home/hw/my_project/my_ws/install/robotiq_moveit_config:/home/hw/my_project/my_ws/install/robotiq_description:/opt/ros/humble:/home/hw/my_project/my_ws/install/realsense_gazebo_plugin:/home/hw/my_project/my_ws/install/realsense2_camera_msgs LD_LIBRARY_PATH=/home/hw/my_project/my_ws/install/realsense_gazebo_plugin/lib:/home/hw/my_project/my_ws/install/realsense2_camera_msgs/lib:${LD_LIBRARY_PATH} PKG_CONFIG_PATH=/home/hw/my_project/my_ws/install/realsense_gazebo_plugin/lib/x86_64-linux-gnu/pkgconfig:/home/hw/my_project/my_ws/install/realsense_gazebo_plugin/lib/pkgconfig PYTHONPATH=/home/hw/my_project/my_ws/install/realsense2_camera_msgs/local/lib/python3.10/dist-packages:${PYTHONPATH} ROS_PACKAGE_PATH=/home/hw/my_project/my_ws/install/realsense_gazebo_plugin/share /usr/bin/cmake --install /home/hw/my_project/my_ws/build/ur5e_gripper_control
