[0.050s] Invoking command in '/home/hw/my_project/my_ws/build/robotiq_description': CMAKE_PREFIX_PATH=/opt/ros/humble /usr/bin/cmake /home/hw/my_project/my_ws/src/robotiq_description -DAMENT_CMAKE_SYMLINK_INSTALL=1 -DCMAKE_INSTALL_PREFIX=/home/hw/my_project/my_ws/install/robotiq_description
[0.403s] -- The C compiler identification is GNU 11.4.0
[0.738s] -- The CXX compiler identification is GNU 11.4.0
[0.739s] -- Detecting C compiler ABI info
[0.739s] -- Detecting C compiler ABI info - done
[0.739s] -- Check for working C compiler: /usr/bin/cc - skipped
[0.739s] -- Detecting C compile features
[0.740s] -- Detecting C compile features - done
[0.740s] -- Detecting CXX compiler ABI info
[0.834s] -- Detecting CXX compiler ABI info - done
[0.843s] -- Check for working CXX compiler: /usr/bin/c++ - skipped
[0.844s] -- Detecting CXX compile features
[0.844s] -- Detecting CXX compile features - done
[0.853s] -- Found ament_cmake: 1.3.12 (/opt/ros/humble/share/ament_cmake/cmake)
[1.067s] -- Found Python3: /usr/bin/python3 (found version "3.10.12") found components: Interpreter 
[1.162s] -- Override CMake install command with custom implementation using symlinks instead of copying resources
[1.239s] -- Found rclcpp: 16.0.17 (/opt/ros/humble/share/rclcpp/cmake)
[1.329s] -- Found rosidl_generator_c: 3.1.8 (/opt/ros/humble/share/rosidl_generator_c/cmake)
[1.337s] -- Found rosidl_adapter: 3.1.8 (/opt/ros/humble/share/rosidl_adapter/cmake)
[1.365s] -- Found rosidl_generator_cpp: 3.1.8 (/opt/ros/humble/share/rosidl_generator_cpp/cmake)
[1.376s] -- Using all available rosidl_typesupport_c: rosidl_typesupport_fastrtps_c;rosidl_typesupport_introspection_c
[1.396s] -- Using all available rosidl_typesupport_cpp: rosidl_typesupport_fastrtps_cpp;rosidl_typesupport_introspection_cpp
[1.519s] -- Found rmw_implementation_cmake: 6.1.2 (/opt/ros/humble/share/rmw_implementation_cmake/cmake)
[1.521s] -- Found rmw_fastrtps_cpp: 6.2.9 (/opt/ros/humble/share/rmw_fastrtps_cpp/cmake)
[1.703s] -- Found OpenSSL: /usr/lib/x86_64-linux-gnu/libcrypto.so (found version "3.0.2")  
[1.745s] -- Found FastRTPS: /opt/ros/humble/include  
[1.812s] -- Using RMW implementation 'rmw_fastrtps_cpp' as default
[1.851s] -- Looking for pthread.h
[1.982s] -- Looking for pthread.h - found
[1.997s] -- Performing Test CMAKE_HAVE_LIBC_PTHREAD
[2.095s] -- Performing Test CMAKE_HAVE_LIBC_PTHREAD - Success
[2.097s] -- Found Threads: TRUE  
[2.187s] -- Found ament_lint_auto: 0.12.14 (/opt/ros/humble/share/ament_lint_auto/cmake)
[2.281s] -- Added test 'cppcheck' to perform static code analysis on C / C++ code
[2.281s] -- Configured cppcheck include dirs: 
[2.281s] -- Configured cppcheck exclude dirs and/or files: 
[2.282s] -- Added test 'flake8' to check Python code syntax and style conventions
[2.284s] -- Added test 'lint_cmake' to check CMake code style
[2.285s] -- Added test 'pep257' to check Python code against some of the docstring style conventions in PEP 257
[2.289s] -- Added test 'uncrustify' to check C / C++ code style
[2.290s] -- Configured uncrustify additional arguments: 
[2.291s] -- Added test 'xmllint' to check XML markup files
[2.294s] -- Configuring done
[2.311s] -- Generating done
[2.315s] -- Build files have been written to: /home/hw/my_project/my_ws/build/robotiq_description
[2.330s] Invoked command in '/home/hw/my_project/my_ws/build/robotiq_description' returned '0': CMAKE_PREFIX_PATH=/opt/ros/humble /usr/bin/cmake /home/hw/my_project/my_ws/src/robotiq_description -DAMENT_CMAKE_SYMLINK_INSTALL=1 -DCMAKE_INSTALL_PREFIX=/home/hw/my_project/my_ws/install/robotiq_description
[2.330s] Invoking command in '/home/hw/my_project/my_ws/build/robotiq_description': CMAKE_PREFIX_PATH=/opt/ros/humble /usr/bin/cmake --build /home/hw/my_project/my_ws/build/robotiq_description -- -j16 -l16
[2.418s] [ 50%] Building CXX object CMakeFiles/test_gripper_in_gazebo.dir/src/test_gripper_in_gazebo.cpp.o
[10.775s] [100%] Linking CXX executable test_gripper_in_gazebo
[11.053s] [100%] Built target test_gripper_in_gazebo
[11.084s] Invoked command in '/home/hw/my_project/my_ws/build/robotiq_description' returned '0': CMAKE_PREFIX_PATH=/opt/ros/humble /usr/bin/cmake --build /home/hw/my_project/my_ws/build/robotiq_description -- -j16 -l16
[11.085s] Invoking command in '/home/hw/my_project/my_ws/build/robotiq_description': CMAKE_PREFIX_PATH=/opt/ros/humble /usr/bin/cmake --install /home/hw/my_project/my_ws/build/robotiq_description
[11.094s] -- Install configuration: ""
[11.095s] -- Execute custom install script
[11.095s] -- Symlinking: /home/hw/my_project/my_ws/install/robotiq_description/share/robotiq_description/config/robotiq_controllers.yaml
[11.110s] -- Symlinking: /home/hw/my_project/my_ws/install/robotiq_description/share/robotiq_description/launch/gazebo_gripper.launch.py
[11.123s] -- Symlinking: /home/hw/my_project/my_ws/install/robotiq_description/share/robotiq_description/launch/view_gripper.launch.py
[11.139s] -- Symlinking: /home/hw/my_project/my_ws/install/robotiq_description/share/robotiq_description/meshes/collision/2f_140/robotiq_2f_140_base_link.stl
[11.152s] -- Symlinking: /home/hw/my_project/my_ws/install/robotiq_description/share/robotiq_description/meshes/collision/2f_140/robotiq_2f_140_coupling.stl
[11.164s] -- Symlinking: /home/hw/my_project/my_ws/install/robotiq_description/share/robotiq_description/meshes/collision/2f_140/robotiq_2f_140_inner_finger.stl
[11.176s] -- Symlinking: /home/hw/my_project/my_ws/install/robotiq_description/share/robotiq_description/meshes/collision/2f_140/robotiq_2f_140_inner_knuckle.stl
[11.189s] -- Symlinking: /home/hw/my_project/my_ws/install/robotiq_description/share/robotiq_description/meshes/collision/2f_140/robotiq_2f_140_outer_finger.stl
[11.204s] -- Symlinking: /home/hw/my_project/my_ws/install/robotiq_description/share/robotiq_description/meshes/collision/2f_140/robotiq_2f_140_outer_knuckle.stl
[11.220s] -- Symlinking: /home/hw/my_project/my_ws/install/robotiq_description/share/robotiq_description/meshes/collision/2f_85/left_finger.stl
[11.234s] -- Symlinking: /home/hw/my_project/my_ws/install/robotiq_description/share/robotiq_description/meshes/collision/2f_85/left_finger_tip.stl
[11.248s] -- Symlinking: /home/hw/my_project/my_ws/install/robotiq_description/share/robotiq_description/meshes/collision/2f_85/left_inner_knuckle.stl
[11.262s] -- Symlinking: /home/hw/my_project/my_ws/install/robotiq_description/share/robotiq_description/meshes/collision/2f_85/left_knuckle.stl
[11.276s] -- Symlinking: /home/hw/my_project/my_ws/install/robotiq_description/share/robotiq_description/meshes/collision/2f_85/right_finger.stl
[11.290s] -- Symlinking: /home/hw/my_project/my_ws/install/robotiq_description/share/robotiq_description/meshes/collision/2f_85/right_finger_tip.stl
[11.302s] -- Symlinking: /home/hw/my_project/my_ws/install/robotiq_description/share/robotiq_description/meshes/collision/2f_85/right_inner_knuckle.stl
[11.315s] -- Symlinking: /home/hw/my_project/my_ws/install/robotiq_description/share/robotiq_description/meshes/collision/2f_85/right_knuckle.stl
[11.327s] -- Symlinking: /home/hw/my_project/my_ws/install/robotiq_description/share/robotiq_description/meshes/collision/2f_85/robotiq_base.stl
[11.339s] -- Symlinking: /home/hw/my_project/my_ws/install/robotiq_description/share/robotiq_description/meshes/collision/2f_85/ur_to_robotiq_adapter.stl
[11.351s] -- Symlinking: /home/hw/my_project/my_ws/install/robotiq_description/share/robotiq_description/meshes/visual/2f_140/robotiq_2f_140_base_link.stl
[11.367s] -- Symlinking: /home/hw/my_project/my_ws/install/robotiq_description/share/robotiq_description/meshes/visual/2f_140/robotiq_2f_140_coupling.stl
[11.381s] -- Symlinking: /home/hw/my_project/my_ws/install/robotiq_description/share/robotiq_description/meshes/visual/2f_140/robotiq_2f_140_inner_finger.stl
[11.394s] -- Symlinking: /home/hw/my_project/my_ws/install/robotiq_description/share/robotiq_description/meshes/visual/2f_140/robotiq_2f_140_inner_knuckle.stl
[11.409s] -- Symlinking: /home/hw/my_project/my_ws/install/robotiq_description/share/robotiq_description/meshes/visual/2f_140/robotiq_2f_140_outer_finger.stl
[11.422s] -- Symlinking: /home/hw/my_project/my_ws/install/robotiq_description/share/robotiq_description/meshes/visual/2f_140/robotiq_2f_140_outer_knuckle.stl
[11.438s] -- Symlinking: /home/hw/my_project/my_ws/install/robotiq_description/share/robotiq_description/meshes/visual/2f_85/left_finger.dae
[11.452s] -- Symlinking: /home/hw/my_project/my_ws/install/robotiq_description/share/robotiq_description/meshes/visual/2f_85/left_finger_tip.dae
[11.466s] -- Symlinking: /home/hw/my_project/my_ws/install/robotiq_description/share/robotiq_description/meshes/visual/2f_85/left_inner_knuckle.dae
[11.486s] -- Symlinking: /home/hw/my_project/my_ws/install/robotiq_description/share/robotiq_description/meshes/visual/2f_85/left_knuckle.dae
[11.501s] -- Symlinking: /home/hw/my_project/my_ws/install/robotiq_description/share/robotiq_description/meshes/visual/2f_85/right_finger.dae
[11.517s] -- Symlinking: /home/hw/my_project/my_ws/install/robotiq_description/share/robotiq_description/meshes/visual/2f_85/right_finger_tip.dae
[11.530s] -- Symlinking: /home/hw/my_project/my_ws/install/robotiq_description/share/robotiq_description/meshes/visual/2f_85/right_inner_knuckle.dae
[11.545s] -- Symlinking: /home/hw/my_project/my_ws/install/robotiq_description/share/robotiq_description/meshes/visual/2f_85/right_knuckle.dae
[11.558s] -- Symlinking: /home/hw/my_project/my_ws/install/robotiq_description/share/robotiq_description/meshes/visual/2f_85/robotiq_base.dae
[11.574s] -- Symlinking: /home/hw/my_project/my_ws/install/robotiq_description/share/robotiq_description/meshes/visual/2f_85/ur_to_robotiq_adapter.dae
[11.588s] -- Symlinking: /home/hw/my_project/my_ws/install/robotiq_description/share/robotiq_description/rviz/view_gripper.rviz
[11.601s] -- Symlinking: /home/hw/my_project/my_ws/install/robotiq_description/share/robotiq_description/urdf/2f_85.ros2_control.xacro
[11.615s] -- Symlinking: /home/hw/my_project/my_ws/install/robotiq_description/share/robotiq_description/urdf/robotiq_2f_85_gripper.urdf.xacro
[11.629s] -- Symlinking: /home/hw/my_project/my_ws/install/robotiq_description/share/robotiq_description/urdf/robotiq_2f_85_macro.urdf.xacro
[11.644s] -- Symlinking: /home/hw/my_project/my_ws/install/robotiq_description/share/robotiq_description/urdf/test.urdf
[11.659s] -- Symlinking: /home/hw/my_project/my_ws/install/robotiq_description/lib/robotiq_description/test_gripper_in_gazebo
[11.673s] -- Symlinking: /home/hw/my_project/my_ws/install/robotiq_description/share/ament_index/resource_index/package_run_dependencies/robotiq_description
[11.687s] -- Symlinking: /home/hw/my_project/my_ws/install/robotiq_description/share/ament_index/resource_index/parent_prefix_path/robotiq_description
[11.701s] -- Symlinking: /home/hw/my_project/my_ws/install/robotiq_description/share/robotiq_description/environment/ament_prefix_path.sh
[11.715s] -- Symlinking: /home/hw/my_project/my_ws/install/robotiq_description/share/robotiq_description/environment/ament_prefix_path.dsv
[11.728s] -- Symlinking: /home/hw/my_project/my_ws/install/robotiq_description/share/robotiq_description/environment/path.sh
[11.743s] -- Symlinking: /home/hw/my_project/my_ws/install/robotiq_description/share/robotiq_description/environment/path.dsv
[11.757s] -- Symlinking: /home/hw/my_project/my_ws/install/robotiq_description/share/robotiq_description/local_setup.bash
[11.773s] -- Symlinking: /home/hw/my_project/my_ws/install/robotiq_description/share/robotiq_description/local_setup.sh
[11.787s] -- Symlinking: /home/hw/my_project/my_ws/install/robotiq_description/share/robotiq_description/local_setup.zsh
[11.802s] -- Symlinking: /home/hw/my_project/my_ws/install/robotiq_description/share/robotiq_description/local_setup.dsv
[11.816s] -- Symlinking: /home/hw/my_project/my_ws/install/robotiq_description/share/robotiq_description/package.dsv
[11.830s] -- Symlinking: /home/hw/my_project/my_ws/install/robotiq_description/share/ament_index/resource_index/packages/robotiq_description
[11.845s] -- Symlinking: /home/hw/my_project/my_ws/install/robotiq_description/share/robotiq_description/cmake/robotiq_descriptionConfig.cmake
[11.861s] -- Symlinking: /home/hw/my_project/my_ws/install/robotiq_description/share/robotiq_description/cmake/robotiq_descriptionConfig-version.cmake
[11.875s] -- Symlinking: /home/hw/my_project/my_ws/install/robotiq_description/share/robotiq_description/package.xml
[11.905s] Invoked command in '/home/hw/my_project/my_ws/build/robotiq_description' returned '0': CMAKE_PREFIX_PATH=/opt/ros/humble /usr/bin/cmake --install /home/hw/my_project/my_ws/build/robotiq_description
